{"D:\\WebD\\Ecommerce-App\\crown-clothing\\client\\src\\App.js": {"path":"D:\\WebD\\Ecommerce-App\\crown-clothing\\client\\src\\App.js","statementMap":{"0":{"start":{"line":11,"column":17},"end":{"line":11,"column":74}},"1":{"start":{"line":11,"column":28},"end":{"line":11,"column":73}},"2":{"start":{"line":12,"column":17},"end":{"line":12,"column":66}},"3":{"start":{"line":12,"column":28},"end":{"line":12,"column":65}},"4":{"start":{"line":13,"column":21},"end":{"line":13,"column":78}},"5":{"start":{"line":13,"column":32},"end":{"line":13,"column":77}},"6":{"start":{"line":14,"column":24},"end":{"line":16,"column":1}},"7":{"start":{"line":15,"column":2},"end":{"line":15,"column":69}},"8":{"start":{"line":18,"column":12},"end":{"line":48,"column":1}},"9":{"start":{"line":19,"column":22},"end":{"line":19,"column":52}},"10":{"start":{"line":20,"column":19},"end":{"line":20,"column":32}},"11":{"start":{"line":22,"column":2},"end":{"line":24,"column":17}},"12":{"start":{"line":23,"column":4},"end":{"line":23,"column":33}},"13":{"start":{"line":26,"column":2},"end":{"line":47,"column":4}},"14":{"start":{"line":40,"column":16},"end":{"line":40,"column":71}}},"fnMap":{"0":{"name":"(anonymous_0)","decl":{"start":{"line":11,"column":22},"end":{"line":11,"column":23}},"loc":{"start":{"line":11,"column":28},"end":{"line":11,"column":73}},"line":11},"1":{"name":"(anonymous_1)","decl":{"start":{"line":12,"column":22},"end":{"line":12,"column":23}},"loc":{"start":{"line":12,"column":28},"end":{"line":12,"column":65}},"line":12},"2":{"name":"(anonymous_2)","decl":{"start":{"line":13,"column":26},"end":{"line":13,"column":27}},"loc":{"start":{"line":13,"column":32},"end":{"line":13,"column":77}},"line":13},"3":{"name":"(anonymous_3)","decl":{"start":{"line":14,"column":29},"end":{"line":14,"column":30}},"loc":{"start":{"line":15,"column":2},"end":{"line":15,"column":69}},"line":15},"4":{"name":"(anonymous_4)","decl":{"start":{"line":18,"column":12},"end":{"line":18,"column":13}},"loc":{"start":{"line":18,"column":18},"end":{"line":48,"column":1}},"line":18},"5":{"name":"(anonymous_5)","decl":{"start":{"line":22,"column":12},"end":{"line":22,"column":13}},"loc":{"start":{"line":22,"column":18},"end":{"line":24,"column":3}},"line":22},"6":{"name":"(anonymous_6)","decl":{"start":{"line":39,"column":22},"end":{"line":39,"column":23}},"loc":{"start":{"line":40,"column":16},"end":{"line":40,"column":71}},"line":40}},"branchMap":{"0":{"loc":{"start":{"line":40,"column":16},"end":{"line":40,"column":71}},"type":"cond-expr","locations":[{"start":{"line":40,"column":30},"end":{"line":40,"column":49}},{"start":{"line":40,"column":52},"end":{"line":40,"column":71}}],"line":40}},"s":{"0":0,"1":0,"2":0,"3":0,"4":0,"5":0,"6":0,"7":0,"8":0,"9":0,"10":0,"11":0,"12":0,"13":0,"14":0},"f":{"0":0,"1":0,"2":0,"3":0,"4":0,"5":0,"6":0},"b":{"0":[0,0]}}
,"D:\\WebD\\Ecommerce-App\\crown-clothing\\client\\src\\global.styles.js": {"path":"D:\\WebD\\Ecommerce-App\\crown-clothing\\client\\src\\global.styles.js","statementMap":{"0":{"start":{"line":3,"column":27},"end":{"line":18,"column":1}}},"fnMap":{},"branchMap":{},"s":{"0":0},"f":{},"b":{}}
,"D:\\WebD\\Ecommerce-App\\crown-clothing\\client\\src\\index.js": {"path":"D:\\WebD\\Ecommerce-App\\crown-clothing\\client\\src\\index.js","statementMap":{"0":{"start":{"line":12,"column":0},"end":{"line":24,"column":2}}},"fnMap":{},"branchMap":{},"s":{"0":0},"f":{},"b":{}}
,"D:\\WebD\\Ecommerce-App\\crown-clothing\\client\\src\\components\\cart-dropdown\\cart-dropdown.component.jsx": {"path":"D:\\WebD\\Ecommerce-App\\crown-clothing\\client\\src\\components\\cart-dropdown\\cart-dropdown.component.jsx","statementMap":{"0":{"start":{"line":16,"column":21},"end":{"line":36,"column":1}},"1":{"start":{"line":17,"column":2},"end":{"line":35,"column":26}},"2":{"start":{"line":21,"column":10},"end":{"line":21,"column":56}},"3":{"start":{"line":29,"column":8},"end":{"line":29,"column":34}},"4":{"start":{"line":30,"column":8},"end":{"line":30,"column":37}},"5":{"start":{"line":38,"column":24},"end":{"line":40,"column":2}}},"fnMap":{"0":{"name":"(anonymous_0)","decl":{"start":{"line":16,"column":21},"end":{"line":16,"column":22}},"loc":{"start":{"line":17,"column":2},"end":{"line":35,"column":26}},"line":17},"1":{"name":"(anonymous_1)","decl":{"start":{"line":20,"column":22},"end":{"line":20,"column":23}},"loc":{"start":{"line":21,"column":10},"end":{"line":21,"column":56}},"line":21},"2":{"name":"(anonymous_2)","decl":{"start":{"line":28,"column":15},"end":{"line":28,"column":16}},"loc":{"start":{"line":28,"column":21},"end":{"line":31,"column":7}},"line":28}},"branchMap":{"0":{"loc":{"start":{"line":19,"column":7},"end":{"line":25,"column":7}},"type":"cond-expr","locations":[{"start":{"line":20,"column":8},"end":{"line":22,"column":10}},{"start":{"line":24,"column":8},"end":{"line":24,"column":73}}],"line":19}},"s":{"0":0,"1":0,"2":0,"3":0,"4":0,"5":0},"f":{"0":0,"1":0,"2":0},"b":{"0":[0,0]}}
,"D:\\WebD\\Ecommerce-App\\crown-clothing\\client\\src\\components\\cart-dropdown\\cart-dropdown.styles.jsx": {"path":"D:\\WebD\\Ecommerce-App\\crown-clothing\\client\\src\\components\\cart-dropdown\\cart-dropdown.styles.jsx","statementMap":{"0":{"start":{"line":4,"column":37},"end":{"line":16,"column":1}},"1":{"start":{"line":18,"column":34},"end":{"line":20,"column":1}},"2":{"start":{"line":22,"column":37},"end":{"line":25,"column":1}},"3":{"start":{"line":27,"column":34},"end":{"line":32,"column":1}}},"fnMap":{},"branchMap":{},"s":{"0":0,"1":0,"2":0,"3":0},"f":{},"b":{}}
,"D:\\WebD\\Ecommerce-App\\crown-clothing\\client\\src\\components\\cart-icon\\cart-icon.component.jsx": {"path":"D:\\WebD\\Ecommerce-App\\crown-clothing\\client\\src\\components\\cart-icon\\cart-icon.component.jsx","statementMap":{"0":{"start":{"line":14,"column":17},"end":{"line":19,"column":1}},"1":{"start":{"line":15,"column":2},"end":{"line":18,"column":18}},"2":{"start":{"line":21,"column":27},"end":{"line":23,"column":2}},"3":{"start":{"line":21,"column":42},"end":{"line":23,"column":1}},"4":{"start":{"line":22,"column":26},"end":{"line":22,"column":54}},"5":{"start":{"line":25,"column":24},"end":{"line":27,"column":2}}},"fnMap":{"0":{"name":"(anonymous_0)","decl":{"start":{"line":14,"column":17},"end":{"line":14,"column":18}},"loc":{"start":{"line":15,"column":2},"end":{"line":18,"column":18}},"line":15},"1":{"name":"(anonymous_1)","decl":{"start":{"line":21,"column":27},"end":{"line":21,"column":28}},"loc":{"start":{"line":21,"column":42},"end":{"line":23,"column":1}},"line":21},"2":{"name":"(anonymous_2)","decl":{"start":{"line":22,"column":20},"end":{"line":22,"column":21}},"loc":{"start":{"line":22,"column":26},"end":{"line":22,"column":54}},"line":22}},"branchMap":{},"s":{"0":0,"1":0,"2":0,"3":0,"4":0,"5":0},"f":{"0":0,"1":0,"2":0},"b":{}}
,"D:\\WebD\\Ecommerce-App\\crown-clothing\\client\\src\\components\\cart-icon\\cart-icon.styles.jsx": {"path":"D:\\WebD\\Ecommerce-App\\crown-clothing\\client\\src\\components\\cart-icon\\cart-icon.styles.jsx","statementMap":{"0":{"start":{"line":5,"column":29},"end":{"line":13,"column":1}},"1":{"start":{"line":15,"column":28},"end":{"line":18,"column":1}},"2":{"start":{"line":20,"column":34},"end":{"line":25,"column":1}}},"fnMap":{},"branchMap":{},"s":{"0":0,"1":0,"2":0},"f":{},"b":{}}
,"D:\\WebD\\Ecommerce-App\\crown-clothing\\client\\src\\components\\cart-item\\cart-item.component.jsx": {"path":"D:\\WebD\\Ecommerce-App\\crown-clothing\\client\\src\\components\\cart-item\\cart-item.component.jsx","statementMap":{"0":{"start":{"line":9,"column":17},"end":{"line":19,"column":1}},"1":{"start":{"line":10,"column":2},"end":{"line":18,"column":22}}},"fnMap":{"0":{"name":"(anonymous_0)","decl":{"start":{"line":9,"column":17},"end":{"line":9,"column":18}},"loc":{"start":{"line":10,"column":2},"end":{"line":18,"column":22}},"line":10}},"branchMap":{},"s":{"0":0,"1":0},"f":{"0":0},"b":{}}
,"D:\\WebD\\Ecommerce-App\\crown-clothing\\client\\src\\components\\cart-item\\cart-item.styles.jsx": {"path":"D:\\WebD\\Ecommerce-App\\crown-clothing\\client\\src\\components\\cart-item\\cart-item.styles.jsx","statementMap":{"0":{"start":{"line":3,"column":33},"end":{"line":8,"column":1}},"1":{"start":{"line":10,"column":29},"end":{"line":12,"column":1}},"2":{"start":{"line":14,"column":36},"end":{"line":21,"column":1}}},"fnMap":{},"branchMap":{},"s":{"0":0,"1":0,"2":0},"f":{},"b":{}}
,"D:\\WebD\\Ecommerce-App\\crown-clothing\\client\\src\\components\\checkout-item\\checkout-item.component.jsx": {"path":"D:\\WebD\\Ecommerce-App\\crown-clothing\\client\\src\\components\\checkout-item\\checkout-item.component.jsx","statementMap":{"0":{"start":{"line":17,"column":21},"end":{"line":36,"column":1}},"1":{"start":{"line":18,"column":46},"end":{"line":18,"column":54}},"2":{"start":{"line":19,"column":2},"end":{"line":35,"column":4}},"3":{"start":{"line":26,"column":28},"end":{"line":26,"column":48}},"4":{"start":{"line":28,"column":28},"end":{"line":28,"column":45}},"5":{"start":{"line":31,"column":44},"end":{"line":31,"column":63}},"6":{"start":{"line":38,"column":27},"end":{"line":42,"column":2}},"7":{"start":{"line":38,"column":42},"end":{"line":42,"column":1}},"8":{"start":{"line":39,"column":23},"end":{"line":39,"column":56}},"9":{"start":{"line":40,"column":21},"end":{"line":40,"column":44}},"10":{"start":{"line":41,"column":24},"end":{"line":41,"column":50}}},"fnMap":{"0":{"name":"(anonymous_0)","decl":{"start":{"line":17,"column":21},"end":{"line":17,"column":22}},"loc":{"start":{"line":17,"column":71},"end":{"line":36,"column":1}},"line":17},"1":{"name":"(anonymous_1)","decl":{"start":{"line":26,"column":22},"end":{"line":26,"column":23}},"loc":{"start":{"line":26,"column":28},"end":{"line":26,"column":48}},"line":26},"2":{"name":"(anonymous_2)","decl":{"start":{"line":28,"column":22},"end":{"line":28,"column":23}},"loc":{"start":{"line":28,"column":28},"end":{"line":28,"column":45}},"line":28},"3":{"name":"(anonymous_3)","decl":{"start":{"line":31,"column":38},"end":{"line":31,"column":39}},"loc":{"start":{"line":31,"column":44},"end":{"line":31,"column":63}},"line":31},"4":{"name":"(anonymous_4)","decl":{"start":{"line":38,"column":27},"end":{"line":38,"column":28}},"loc":{"start":{"line":38,"column":42},"end":{"line":42,"column":1}},"line":38},"5":{"name":"(anonymous_5)","decl":{"start":{"line":39,"column":13},"end":{"line":39,"column":14}},"loc":{"start":{"line":39,"column":23},"end":{"line":39,"column":56}},"line":39},"6":{"name":"(anonymous_6)","decl":{"start":{"line":40,"column":11},"end":{"line":40,"column":12}},"loc":{"start":{"line":40,"column":21},"end":{"line":40,"column":44}},"line":40},"7":{"name":"(anonymous_7)","decl":{"start":{"line":41,"column":14},"end":{"line":41,"column":15}},"loc":{"start":{"line":41,"column":24},"end":{"line":41,"column":50}},"line":41}},"branchMap":{},"s":{"0":0,"1":0,"2":0,"3":0,"4":0,"5":0,"6":0,"7":0,"8":0,"9":0,"10":0},"f":{"0":0,"1":0,"2":0,"3":0,"4":0,"5":0,"6":0,"7":0},"b":{}}
,"D:\\WebD\\Ecommerce-App\\crown-clothing\\client\\src\\components\\checkout-item\\checkout-item.styles.jsx": {"path":"D:\\WebD\\Ecommerce-App\\crown-clothing\\client\\src\\components\\checkout-item\\checkout-item.styles.jsx","statementMap":{"0":{"start":{"line":3,"column":37},"end":{"line":14,"column":1}},"1":{"start":{"line":16,"column":30},"end":{"line":23,"column":1}},"2":{"start":{"line":25,"column":29},"end":{"line":30,"column":1}},"3":{"start":{"line":32,"column":33},"end":{"line":40,"column":1}},"4":{"start":{"line":42,"column":37},"end":{"line":45,"column":1}}},"fnMap":{},"branchMap":{},"s":{"0":0,"1":0,"2":0,"3":0,"4":0},"f":{},"b":{}}
,"D:\\WebD\\Ecommerce-App\\crown-clothing\\client\\src\\components\\collection-item\\collection-item.component.jsx": {"path":"D:\\WebD\\Ecommerce-App\\crown-clothing\\client\\src\\components\\collection-item\\collection-item.component.jsx","statementMap":{"0":{"start":{"line":15,"column":23},"end":{"line":30,"column":1}},"1":{"start":{"line":16,"column":36},"end":{"line":16,"column":40}},"2":{"start":{"line":18,"column":2},"end":{"line":29,"column":4}},"3":{"start":{"line":25,"column":32},"end":{"line":25,"column":45}},"4":{"start":{"line":32,"column":27},"end":{"line":34,"column":2}},"5":{"start":{"line":32,"column":42},"end":{"line":34,"column":1}},"6":{"start":{"line":33,"column":21},"end":{"line":33,"column":44}}},"fnMap":{"0":{"name":"(anonymous_0)","decl":{"start":{"line":15,"column":23},"end":{"line":15,"column":24}},"loc":{"start":{"line":15,"column":46},"end":{"line":30,"column":1}},"line":15},"1":{"name":"(anonymous_1)","decl":{"start":{"line":25,"column":26},"end":{"line":25,"column":27}},"loc":{"start":{"line":25,"column":32},"end":{"line":25,"column":45}},"line":25},"2":{"name":"(anonymous_2)","decl":{"start":{"line":32,"column":27},"end":{"line":32,"column":28}},"loc":{"start":{"line":32,"column":42},"end":{"line":34,"column":1}},"line":32},"3":{"name":"(anonymous_3)","decl":{"start":{"line":33,"column":11},"end":{"line":33,"column":12}},"loc":{"start":{"line":33,"column":21},"end":{"line":33,"column":44}},"line":33}},"branchMap":{},"s":{"0":0,"1":0,"2":0,"3":0,"4":0,"5":0,"6":0},"f":{"0":0,"1":0,"2":0,"3":0},"b":{}}
,"D:\\WebD\\Ecommerce-App\\crown-clothing\\client\\src\\components\\collection-item\\collection-item.styles.jsx": {"path":"D:\\WebD\\Ecommerce-App\\crown-clothing\\client\\src\\components\\collection-item\\collection-item.styles.jsx","statementMap":{"0":{"start":{"line":4,"column":39},"end":{"line":31,"column":1}},"1":{"start":{"line":33,"column":25},"end":{"line":45,"column":1}},"2":{"start":{"line":47,"column":31},"end":{"line":54,"column":1}},"3":{"start":{"line":53,"column":40},"end":{"line":53,"column":58}},"4":{"start":{"line":56,"column":41},"end":{"line":62,"column":1}},"5":{"start":{"line":64,"column":29},"end":{"line":67,"column":1}},"6":{"start":{"line":69,"column":30},"end":{"line":72,"column":1}}},"fnMap":{"0":{"name":"(anonymous_0)","decl":{"start":{"line":53,"column":22},"end":{"line":53,"column":23}},"loc":{"start":{"line":53,"column":40},"end":{"line":53,"column":58}},"line":53}},"branchMap":{},"s":{"0":0,"1":0,"2":0,"3":0,"4":0,"5":0,"6":0},"f":{"0":0},"b":{}}
,"D:\\WebD\\Ecommerce-App\\crown-clothing\\client\\src\\components\\collection-overview\\collection-overview.component.jsx": {"path":"D:\\WebD\\Ecommerce-App\\crown-clothing\\client\\src\\components\\collection-overview\\collection-overview.component.jsx","statementMap":{"0":{"start":{"line":10,"column":28},"end":{"line":16,"column":1}},"1":{"start":{"line":11,"column":2},"end":{"line":15,"column":33}},"2":{"start":{"line":13,"column":6},"end":{"line":13,"column":62}},"3":{"start":{"line":18,"column":24},"end":{"line":20,"column":2}}},"fnMap":{"0":{"name":"(anonymous_0)","decl":{"start":{"line":10,"column":28},"end":{"line":10,"column":29}},"loc":{"start":{"line":11,"column":2},"end":{"line":15,"column":33}},"line":11},"1":{"name":"(anonymous_1)","decl":{"start":{"line":12,"column":21},"end":{"line":12,"column":22}},"loc":{"start":{"line":13,"column":6},"end":{"line":13,"column":62}},"line":13}},"branchMap":{},"s":{"0":0,"1":0,"2":0,"3":0},"f":{"0":0,"1":0},"b":{}}
,"D:\\WebD\\Ecommerce-App\\crown-clothing\\client\\src\\components\\collection-overview\\collection-overview.styles.jsx": {"path":"D:\\WebD\\Ecommerce-App\\crown-clothing\\client\\src\\components\\collection-overview\\collection-overview.styles.jsx","statementMap":{"0":{"start":{"line":3,"column":44},"end":{"line":6,"column":1}}},"fnMap":{},"branchMap":{},"s":{"0":0},"f":{},"b":{}}
,"D:\\WebD\\Ecommerce-App\\crown-clothing\\client\\src\\components\\collection-overview\\collections-overview.container.jsx": {"path":"D:\\WebD\\Ecommerce-App\\crown-clothing\\client\\src\\components\\collection-overview\\collections-overview.container.jsx","statementMap":{"0":{"start":{"line":8,"column":24},"end":{"line":10,"column":2}},"1":{"start":{"line":12,"column":37},"end":{"line":15,"column":22}}},"fnMap":{},"branchMap":{},"s":{"0":0,"1":0},"f":{},"b":{}}
,"D:\\WebD\\Ecommerce-App\\crown-clothing\\client\\src\\components\\collection-preview\\collection-preview.component.jsx": {"path":"D:\\WebD\\Ecommerce-App\\crown-clothing\\client\\src\\components\\collection-preview\\collection-preview.component.jsx","statementMap":{"0":{"start":{"line":12,"column":26},"end":{"line":25,"column":1}},"1":{"start":{"line":13,"column":2},"end":{"line":24,"column":31}},"2":{"start":{"line":14,"column":35},"end":{"line":14,"column":77}},"3":{"start":{"line":19,"column":31},"end":{"line":19,"column":38}},"4":{"start":{"line":21,"column":10},"end":{"line":21,"column":54}}},"fnMap":{"0":{"name":"(anonymous_0)","decl":{"start":{"line":12,"column":26},"end":{"line":12,"column":27}},"loc":{"start":{"line":13,"column":2},"end":{"line":24,"column":31}},"line":13},"1":{"name":"(anonymous_1)","decl":{"start":{"line":14,"column":29},"end":{"line":14,"column":30}},"loc":{"start":{"line":14,"column":35},"end":{"line":14,"column":77}},"line":14},"2":{"name":"(anonymous_2)","decl":{"start":{"line":19,"column":16},"end":{"line":19,"column":17}},"loc":{"start":{"line":19,"column":31},"end":{"line":19,"column":38}},"line":19},"3":{"name":"(anonymous_3)","decl":{"start":{"line":20,"column":13},"end":{"line":20,"column":14}},"loc":{"start":{"line":21,"column":10},"end":{"line":21,"column":54}},"line":21}},"branchMap":{},"s":{"0":0,"1":0,"2":0,"3":0,"4":0},"f":{"0":0,"1":0,"2":0,"3":0},"b":{}}
,"D:\\WebD\\Ecommerce-App\\crown-clothing\\client\\src\\components\\collection-preview\\collection-preview.styles.jsx": {"path":"D:\\WebD\\Ecommerce-App\\crown-clothing\\client\\src\\components\\collection-preview\\collection-preview.styles.jsx","statementMap":{"0":{"start":{"line":3,"column":42},"end":{"line":10,"column":1}},"1":{"start":{"line":12,"column":30},"end":{"line":19,"column":1}},"2":{"start":{"line":21,"column":32},"end":{"line":29,"column":1}}},"fnMap":{},"branchMap":{},"s":{"0":0,"1":0,"2":0},"f":{},"b":{}}
,"D:\\WebD\\Ecommerce-App\\crown-clothing\\client\\src\\components\\custom-button\\custom-button.component.jsx": {"path":"D:\\WebD\\Ecommerce-App\\crown-clothing\\client\\src\\components\\custom-button\\custom-button.component.jsx","statementMap":{"0":{"start":{"line":5,"column":21},"end":{"line":7,"column":1}},"1":{"start":{"line":6,"column":2},"end":{"line":6,"column":70}}},"fnMap":{"0":{"name":"(anonymous_0)","decl":{"start":{"line":5,"column":21},"end":{"line":5,"column":22}},"loc":{"start":{"line":6,"column":2},"end":{"line":6,"column":70}},"line":6}},"branchMap":{},"s":{"0":0,"1":0},"f":{"0":0},"b":{}}
,"D:\\WebD\\Ecommerce-App\\crown-clothing\\client\\src\\components\\custom-button\\custom-button.styles.jsx": {"path":"D:\\WebD\\Ecommerce-App\\crown-clothing\\client\\src\\components\\custom-button\\custom-button.styles.jsx","statementMap":{"0":{"start":{"line":3,"column":21},"end":{"line":12,"column":1}},"1":{"start":{"line":14,"column":29},"end":{"line":23,"column":1}},"2":{"start":{"line":25,"column":27},"end":{"line":32,"column":1}},"3":{"start":{"line":34,"column":24},"end":{"line":40,"column":1}},"4":{"start":{"line":35,"column":2},"end":{"line":37,"column":3}},"5":{"start":{"line":36,"column":4},"end":{"line":36,"column":30}},"6":{"start":{"line":39,"column":2},"end":{"line":39,"column":62}},"7":{"start":{"line":42,"column":37},"end":{"line":57,"column":1}}},"fnMap":{"0":{"name":"(anonymous_0)","decl":{"start":{"line":34,"column":24},"end":{"line":34,"column":25}},"loc":{"start":{"line":34,"column":35},"end":{"line":40,"column":1}},"line":34}},"branchMap":{"0":{"loc":{"start":{"line":35,"column":2},"end":{"line":37,"column":3}},"type":"if","locations":[{"start":{"line":35,"column":2},"end":{"line":37,"column":3}},{"start":{"line":35,"column":2},"end":{"line":37,"column":3}}],"line":35},"1":{"loc":{"start":{"line":39,"column":9},"end":{"line":39,"column":61}},"type":"cond-expr","locations":[{"start":{"line":39,"column":26},"end":{"line":39,"column":46}},{"start":{"line":39,"column":49},"end":{"line":39,"column":61}}],"line":39}},"s":{"0":0,"1":0,"2":0,"3":0,"4":0,"5":0,"6":0,"7":0},"f":{"0":0},"b":{"0":[0,0],"1":[0,0]}}
,"D:\\WebD\\Ecommerce-App\\crown-clothing\\client\\src\\components\\directory\\directory.component.jsx": {"path":"D:\\WebD\\Ecommerce-App\\crown-clothing\\client\\src\\components\\directory\\directory.component.jsx","statementMap":{"0":{"start":{"line":10,"column":18},"end":{"line":16,"column":1}},"1":{"start":{"line":11,"column":2},"end":{"line":15,"column":27}},"2":{"start":{"line":13,"column":6},"end":{"line":13,"column":50}},"3":{"start":{"line":18,"column":24},"end":{"line":20,"column":2}}},"fnMap":{"0":{"name":"(anonymous_0)","decl":{"start":{"line":10,"column":18},"end":{"line":10,"column":19}},"loc":{"start":{"line":11,"column":2},"end":{"line":15,"column":27}},"line":11},"1":{"name":"(anonymous_1)","decl":{"start":{"line":12,"column":18},"end":{"line":12,"column":19}},"loc":{"start":{"line":13,"column":6},"end":{"line":13,"column":50}},"line":13}},"branchMap":{},"s":{"0":0,"1":0,"2":0,"3":0},"f":{"0":0,"1":0},"b":{}}
,"D:\\WebD\\Ecommerce-App\\crown-clothing\\client\\src\\components\\directory\\directory.styles.jsx": {"path":"D:\\WebD\\Ecommerce-App\\crown-clothing\\client\\src\\components\\directory\\directory.styles.jsx","statementMap":{"0":{"start":{"line":3,"column":38},"end":{"line":8,"column":1}}},"fnMap":{},"branchMap":{},"s":{"0":0},"f":{},"b":{}}
,"D:\\WebD\\Ecommerce-App\\crown-clothing\\client\\src\\components\\error-boundary\\error-boundary.component.jsx": {"path":"D:\\WebD\\Ecommerce-App\\crown-clothing\\client\\src\\components\\error-boundary\\error-boundary.component.jsx","statementMap":{"0":{"start":{"line":9,"column":4},"end":{"line":9,"column":12}},"1":{"start":{"line":11,"column":4},"end":{"line":13,"column":6}},"2":{"start":{"line":17,"column":4},"end":{"line":17,"column":32}},"3":{"start":{"line":21,"column":4},"end":{"line":21,"column":23}},"4":{"start":{"line":25,"column":4},"end":{"line":32,"column":5}},"5":{"start":{"line":26,"column":6},"end":{"line":31,"column":8}},"6":{"start":{"line":33,"column":4},"end":{"line":33,"column":31}}},"fnMap":{"0":{"name":"(anonymous_0)","decl":{"start":{"line":8,"column":2},"end":{"line":8,"column":3}},"loc":{"start":{"line":8,"column":16},"end":{"line":14,"column":3}},"line":8},"1":{"name":"(anonymous_1)","decl":{"start":{"line":16,"column":2},"end":{"line":16,"column":3}},"loc":{"start":{"line":16,"column":41},"end":{"line":18,"column":3}},"line":16},"2":{"name":"(anonymous_2)","decl":{"start":{"line":20,"column":2},"end":{"line":20,"column":3}},"loc":{"start":{"line":20,"column":33},"end":{"line":22,"column":3}},"line":20},"3":{"name":"(anonymous_3)","decl":{"start":{"line":24,"column":2},"end":{"line":24,"column":3}},"loc":{"start":{"line":24,"column":11},"end":{"line":34,"column":3}},"line":24}},"branchMap":{"0":{"loc":{"start":{"line":25,"column":4},"end":{"line":32,"column":5}},"type":"if","locations":[{"start":{"line":25,"column":4},"end":{"line":32,"column":5}},{"start":{"line":25,"column":4},"end":{"line":32,"column":5}}],"line":25}},"s":{"0":0,"1":0,"2":0,"3":0,"4":0,"5":0,"6":0},"f":{"0":0,"1":0,"2":0,"3":0},"b":{"0":[0,0]}}
,"D:\\WebD\\Ecommerce-App\\crown-clothing\\client\\src\\components\\error-boundary\\error-boundary.styles.jsx": {"path":"D:\\WebD\\Ecommerce-App\\crown-clothing\\client\\src\\components\\error-boundary\\error-boundary.styles.jsx","statementMap":{"0":{"start":{"line":3,"column":33},"end":{"line":10,"column":1}},"1":{"start":{"line":12,"column":35},"end":{"line":19,"column":1}},"2":{"start":{"line":14,"column":40},"end":{"line":14,"column":58}},"3":{"start":{"line":21,"column":30},"end":{"line":24,"column":1}}},"fnMap":{"0":{"name":"(anonymous_0)","decl":{"start":{"line":14,"column":22},"end":{"line":14,"column":23}},"loc":{"start":{"line":14,"column":40},"end":{"line":14,"column":58}},"line":14}},"branchMap":{},"s":{"0":0,"1":0,"2":0,"3":0},"f":{"0":0},"b":{}}
,"D:\\WebD\\Ecommerce-App\\crown-clothing\\client\\src\\components\\form-input\\form-input.component.jsx": {"path":"D:\\WebD\\Ecommerce-App\\crown-clothing\\client\\src\\components\\form-input\\form-input.component.jsx","statementMap":{"0":{"start":{"line":9,"column":18},"end":{"line":18,"column":1}},"1":{"start":{"line":10,"column":2},"end":{"line":17,"column":19}}},"fnMap":{"0":{"name":"(anonymous_0)","decl":{"start":{"line":9,"column":18},"end":{"line":9,"column":19}},"loc":{"start":{"line":10,"column":2},"end":{"line":17,"column":19}},"line":10}},"branchMap":{"0":{"loc":{"start":{"line":12,"column":5},"end":{"line":16,"column":12}},"type":"cond-expr","locations":[{"start":{"line":13,"column":6},"end":{"line":15,"column":23}},{"start":{"line":16,"column":8},"end":{"line":16,"column":12}}],"line":12},"1":{"loc":{"start":{"line":13,"column":33},"end":{"line":13,"column":67}},"type":"cond-expr","locations":[{"start":{"line":13,"column":54},"end":{"line":13,"column":62}},{"start":{"line":13,"column":65},"end":{"line":13,"column":67}}],"line":13}},"s":{"0":0,"1":0},"f":{"0":0},"b":{"0":[0,0],"1":[0,0]}}
,"D:\\WebD\\Ecommerce-App\\crown-clothing\\client\\src\\components\\form-input\\form-input.styles.jsx": {"path":"D:\\WebD\\Ecommerce-App\\crown-clothing\\client\\src\\components\\form-input\\form-input.styles.jsx","statementMap":{"0":{"start":{"line":3,"column":17},"end":{"line":3,"column":23}},"1":{"start":{"line":4,"column":18},"end":{"line":4,"column":25}},"2":{"start":{"line":6,"column":26},"end":{"line":10,"column":1}},"3":{"start":{"line":12,"column":30},"end":{"line":18,"column":1}},"4":{"start":{"line":20,"column":34},"end":{"line":38,"column":1}},"5":{"start":{"line":40,"column":30},"end":{"line":52,"column":1}}},"fnMap":{},"branchMap":{},"s":{"0":0,"1":0,"2":0,"3":0,"4":0,"5":0},"f":{},"b":{}}
,"D:\\WebD\\Ecommerce-App\\crown-clothing\\client\\src\\components\\header\\header.component.jsx": {"path":"D:\\WebD\\Ecommerce-App\\crown-clothing\\client\\src\\components\\header\\header.component.jsx","statementMap":{"0":{"start":{"line":17,"column":15},"end":{"line":36,"column":1}},"1":{"start":{"line":18,"column":2},"end":{"line":35,"column":20}},"2":{"start":{"line":38,"column":24},"end":{"line":41,"column":2}},"3":{"start":{"line":43,"column":27},"end":{"line":45,"column":2}},"4":{"start":{"line":43,"column":42},"end":{"line":45,"column":1}},"5":{"start":{"line":44,"column":22},"end":{"line":44,"column":46}}},"fnMap":{"0":{"name":"(anonymous_0)","decl":{"start":{"line":17,"column":15},"end":{"line":17,"column":16}},"loc":{"start":{"line":18,"column":2},"end":{"line":35,"column":20}},"line":18},"1":{"name":"(anonymous_1)","decl":{"start":{"line":43,"column":27},"end":{"line":43,"column":28}},"loc":{"start":{"line":43,"column":42},"end":{"line":45,"column":1}},"line":43},"2":{"name":"(anonymous_2)","decl":{"start":{"line":44,"column":16},"end":{"line":44,"column":17}},"loc":{"start":{"line":44,"column":22},"end":{"line":44,"column":46}},"line":44}},"branchMap":{"0":{"loc":{"start":{"line":25,"column":7},"end":{"line":31,"column":7}},"type":"cond-expr","locations":[{"start":{"line":26,"column":8},"end":{"line":28,"column":21}},{"start":{"line":30,"column":8},"end":{"line":30,"column":53}}],"line":25},"1":{"loc":{"start":{"line":34,"column":5},"end":{"line":34,"column":37}},"type":"cond-expr","locations":[{"start":{"line":34,"column":14},"end":{"line":34,"column":18}},{"start":{"line":34,"column":21},"end":{"line":34,"column":37}}],"line":34}},"s":{"0":0,"1":0,"2":0,"3":0,"4":0,"5":0},"f":{"0":0,"1":0,"2":0},"b":{"0":[0,0],"1":[0,0]}}
,"D:\\WebD\\Ecommerce-App\\crown-clothing\\client\\src\\components\\header\\header.styles.jsx": {"path":"D:\\WebD\\Ecommerce-App\\crown-clothing\\client\\src\\components\\header\\header.styles.jsx","statementMap":{"0":{"start":{"line":4,"column":31},"end":{"line":15,"column":1}},"1":{"start":{"line":17,"column":29},"end":{"line":25,"column":1}},"2":{"start":{"line":27,"column":32},"end":{"line":36,"column":1}},"3":{"start":{"line":38,"column":26},"end":{"line":41,"column":1}}},"fnMap":{},"branchMap":{},"s":{"0":0,"1":0,"2":0,"3":0},"f":{},"b":{}}
,"D:\\WebD\\Ecommerce-App\\crown-clothing\\client\\src\\components\\menu-item\\menu-item.component.jsx": {"path":"D:\\WebD\\Ecommerce-App\\crown-clothing\\client\\src\\components\\menu-item\\menu-item.component.jsx","statementMap":{"0":{"start":{"line":12,"column":17},"end":{"line":26,"column":1}},"1":{"start":{"line":13,"column":2},"end":{"line":25,"column":22}},"2":{"start":{"line":15,"column":19},"end":{"line":15,"column":57}}},"fnMap":{"0":{"name":"(anonymous_0)","decl":{"start":{"line":12,"column":17},"end":{"line":12,"column":18}},"loc":{"start":{"line":13,"column":2},"end":{"line":25,"column":22}},"line":13},"1":{"name":"(anonymous_1)","decl":{"start":{"line":15,"column":13},"end":{"line":15,"column":14}},"loc":{"start":{"line":15,"column":19},"end":{"line":15,"column":57}},"line":15}},"branchMap":{},"s":{"0":0,"1":0,"2":0},"f":{"0":0,"1":0},"b":{}}
,"D:\\WebD\\Ecommerce-App\\crown-clothing\\client\\src\\components\\menu-item\\menu-item.styles.jsx": {"path":"D:\\WebD\\Ecommerce-App\\crown-clothing\\client\\src\\components\\menu-item\\menu-item.styles.jsx","statementMap":{"0":{"start":{"line":3,"column":33},"end":{"line":33,"column":1}},"1":{"start":{"line":4,"column":27},"end":{"line":4,"column":51}},"2":{"start":{"line":35,"column":40},"end":{"line":41,"column":1}},"3":{"start":{"line":40,"column":40},"end":{"line":40,"column":58}},"4":{"start":{"line":43,"column":32},"end":{"line":54,"column":1}},"5":{"start":{"line":56,"column":28},"end":{"line":61,"column":1}},"6":{"start":{"line":63,"column":31},"end":{"line":66,"column":1}}},"fnMap":{"0":{"name":"(anonymous_0)","decl":{"start":{"line":4,"column":12},"end":{"line":4,"column":13}},"loc":{"start":{"line":4,"column":27},"end":{"line":4,"column":51}},"line":4},"1":{"name":"(anonymous_1)","decl":{"start":{"line":40,"column":22},"end":{"line":40,"column":23}},"loc":{"start":{"line":40,"column":40},"end":{"line":40,"column":58}},"line":40}},"branchMap":{"0":{"loc":{"start":{"line":4,"column":27},"end":{"line":4,"column":51}},"type":"cond-expr","locations":[{"start":{"line":4,"column":34},"end":{"line":4,"column":41}},{"start":{"line":4,"column":44},"end":{"line":4,"column":51}}],"line":4}},"s":{"0":0,"1":0,"2":0,"3":0,"4":0,"5":0,"6":0},"f":{"0":0,"1":0},"b":{"0":[0,0]}}
,"D:\\WebD\\Ecommerce-App\\crown-clothing\\client\\src\\components\\sign-in\\sign-in.component.jsx": {"path":"D:\\WebD\\Ecommerce-App\\crown-clothing\\client\\src\\components\\sign-in\\sign-in.component.jsx","statementMap":{"0":{"start":{"line":11,"column":15},"end":{"line":65,"column":1}},"1":{"start":{"line":12,"column":44},"end":{"line":15,"column":4}},"2":{"start":{"line":17,"column":30},"end":{"line":17,"column":45}},"3":{"start":{"line":19,"column":23},"end":{"line":23,"column":3}},"4":{"start":{"line":20,"column":4},"end":{"line":20,"column":27}},"5":{"start":{"line":22,"column":4},"end":{"line":22,"column":38}},"6":{"start":{"line":25,"column":23},"end":{"line":28,"column":3}},"7":{"start":{"line":26,"column":28},"end":{"line":26,"column":40}},"8":{"start":{"line":27,"column":4},"end":{"line":27,"column":58}},"9":{"start":{"line":30,"column":2},"end":{"line":64,"column":4}},"10":{"start":{"line":67,"column":27},"end":{"line":71,"column":2}},"11":{"start":{"line":67,"column":42},"end":{"line":71,"column":1}},"12":{"start":{"line":68,"column":27},"end":{"line":68,"column":56}},"13":{"start":{"line":70,"column":4},"end":{"line":70,"column":51}}},"fnMap":{"0":{"name":"(anonymous_0)","decl":{"start":{"line":11,"column":15},"end":{"line":11,"column":16}},"loc":{"start":{"line":11,"column":60},"end":{"line":65,"column":1}},"line":11},"1":{"name":"(anonymous_1)","decl":{"start":{"line":19,"column":23},"end":{"line":19,"column":24}},"loc":{"start":{"line":19,"column":40},"end":{"line":23,"column":3}},"line":19},"2":{"name":"(anonymous_2)","decl":{"start":{"line":25,"column":23},"end":{"line":25,"column":24}},"loc":{"start":{"line":25,"column":34},"end":{"line":28,"column":3}},"line":25},"3":{"name":"(anonymous_3)","decl":{"start":{"line":67,"column":27},"end":{"line":67,"column":28}},"loc":{"start":{"line":67,"column":42},"end":{"line":71,"column":1}},"line":67},"4":{"name":"(anonymous_4)","decl":{"start":{"line":68,"column":21},"end":{"line":68,"column":22}},"loc":{"start":{"line":68,"column":27},"end":{"line":68,"column":56}},"line":68},"5":{"name":"(anonymous_5)","decl":{"start":{"line":69,"column":20},"end":{"line":69,"column":21}},"loc":{"start":{"line":70,"column":4},"end":{"line":70,"column":51}},"line":70}},"branchMap":{},"s":{"0":0,"1":0,"2":0,"3":0,"4":0,"5":0,"6":0,"7":0,"8":0,"9":0,"10":0,"11":0,"12":0,"13":0},"f":{"0":0,"1":0,"2":0,"3":0,"4":0,"5":0},"b":{}}
,"D:\\WebD\\Ecommerce-App\\crown-clothing\\client\\src\\components\\sign-up\\sign-up.component.jsx": {"path":"D:\\WebD\\Ecommerce-App\\crown-clothing\\client\\src\\components\\sign-up\\sign-up.component.jsx","statementMap":{"0":{"start":{"line":8,"column":15},"end":{"line":75,"column":1}},"1":{"start":{"line":9,"column":44},"end":{"line":14,"column":4}},"2":{"start":{"line":16,"column":60},"end":{"line":16,"column":75}},"3":{"start":{"line":18,"column":23},"end":{"line":27,"column":3}},"4":{"start":{"line":19,"column":4},"end":{"line":19,"column":23}},"5":{"start":{"line":21,"column":4},"end":{"line":24,"column":5}},"6":{"start":{"line":22,"column":6},"end":{"line":22,"column":37}},"7":{"start":{"line":23,"column":6},"end":{"line":23,"column":13}},"8":{"start":{"line":26,"column":4},"end":{"line":26,"column":50}},"9":{"start":{"line":29,"column":23},"end":{"line":32,"column":3}},"10":{"start":{"line":30,"column":28},"end":{"line":30,"column":36}},"11":{"start":{"line":31,"column":4},"end":{"line":31,"column":58}},"12":{"start":{"line":34,"column":2},"end":{"line":74,"column":4}},"13":{"start":{"line":77,"column":27},"end":{"line":79,"column":2}},"14":{"start":{"line":77,"column":42},"end":{"line":79,"column":1}},"15":{"start":{"line":78,"column":36},"end":{"line":78,"column":74}}},"fnMap":{"0":{"name":"(anonymous_0)","decl":{"start":{"line":8,"column":15},"end":{"line":8,"column":16}},"loc":{"start":{"line":8,"column":36},"end":{"line":75,"column":1}},"line":8},"1":{"name":"(anonymous_1)","decl":{"start":{"line":18,"column":23},"end":{"line":18,"column":24}},"loc":{"start":{"line":18,"column":36},"end":{"line":27,"column":3}},"line":18},"2":{"name":"(anonymous_2)","decl":{"start":{"line":29,"column":23},"end":{"line":29,"column":24}},"loc":{"start":{"line":29,"column":30},"end":{"line":32,"column":3}},"line":29},"3":{"name":"(anonymous_3)","decl":{"start":{"line":77,"column":27},"end":{"line":77,"column":28}},"loc":{"start":{"line":77,"column":42},"end":{"line":79,"column":1}},"line":77},"4":{"name":"(anonymous_4)","decl":{"start":{"line":78,"column":15},"end":{"line":78,"column":16}},"loc":{"start":{"line":78,"column":36},"end":{"line":78,"column":74}},"line":78}},"branchMap":{"0":{"loc":{"start":{"line":21,"column":4},"end":{"line":24,"column":5}},"type":"if","locations":[{"start":{"line":21,"column":4},"end":{"line":24,"column":5}},{"start":{"line":21,"column":4},"end":{"line":24,"column":5}}],"line":21}},"s":{"0":0,"1":0,"2":0,"3":0,"4":0,"5":0,"6":0,"7":0,"8":0,"9":0,"10":0,"11":0,"12":0,"13":0,"14":0,"15":0},"f":{"0":0,"1":0,"2":0,"3":0,"4":0},"b":{"0":[0,0]}}
,"D:\\WebD\\Ecommerce-App\\crown-clothing\\client\\src\\components\\spinner\\spinner.component.js": {"path":"D:\\WebD\\Ecommerce-App\\crown-clothing\\client\\src\\components\\spinner\\spinner.component.js","statementMap":{"0":{"start":{"line":5,"column":16},"end":{"line":9,"column":1}},"1":{"start":{"line":6,"column":2},"end":{"line":8,"column":19}}},"fnMap":{"0":{"name":"(anonymous_0)","decl":{"start":{"line":5,"column":16},"end":{"line":5,"column":17}},"loc":{"start":{"line":6,"column":2},"end":{"line":8,"column":19}},"line":6}},"branchMap":{},"s":{"0":0,"1":0},"f":{"0":0},"b":{}}
,"D:\\WebD\\Ecommerce-App\\crown-clothing\\client\\src\\components\\spinner\\spinner.styles.js": {"path":"D:\\WebD\\Ecommerce-App\\crown-clothing\\client\\src\\components\\spinner\\spinner.styles.js","statementMap":{"0":{"start":{"line":3,"column":30},"end":{"line":9,"column":1}},"1":{"start":{"line":11,"column":32},"end":{"line":30,"column":1}}},"fnMap":{},"branchMap":{},"s":{"0":0,"1":0},"f":{},"b":{}}
,"D:\\WebD\\Ecommerce-App\\crown-clothing\\client\\src\\components\\stripe-button\\stripe-button.component.js": {"path":"D:\\WebD\\Ecommerce-App\\crown-clothing\\client\\src\\components\\stripe-button\\stripe-button.component.js","statementMap":{"0":{"start":{"line":5,"column":29},"end":{"line":44,"column":1}},"1":{"start":{"line":6,"column":25},"end":{"line":6,"column":35}},"2":{"start":{"line":8,"column":4},"end":{"line":8,"column":113}},"3":{"start":{"line":10,"column":18},"end":{"line":28,"column":3}},"4":{"start":{"line":11,"column":4},"end":{"line":27,"column":9}},"5":{"start":{"line":20,"column":8},"end":{"line":20,"column":45}},"6":{"start":{"line":23,"column":8},"end":{"line":23,"column":46}},"7":{"start":{"line":24,"column":8},"end":{"line":26,"column":10}},"8":{"start":{"line":30,"column":2},"end":{"line":43,"column":4}}},"fnMap":{"0":{"name":"(anonymous_0)","decl":{"start":{"line":5,"column":29},"end":{"line":5,"column":30}},"loc":{"start":{"line":5,"column":44},"end":{"line":44,"column":1}},"line":5},"1":{"name":"(anonymous_1)","decl":{"start":{"line":10,"column":18},"end":{"line":10,"column":19}},"loc":{"start":{"line":10,"column":29},"end":{"line":28,"column":3}},"line":10},"2":{"name":"(anonymous_2)","decl":{"start":{"line":19,"column":12},"end":{"line":19,"column":13}},"loc":{"start":{"line":19,"column":26},"end":{"line":21,"column":7}},"line":19},"3":{"name":"(anonymous_3)","decl":{"start":{"line":22,"column":13},"end":{"line":22,"column":14}},"loc":{"start":{"line":22,"column":24},"end":{"line":27,"column":7}},"line":22}},"branchMap":{},"s":{"0":0,"1":0,"2":0,"3":0,"4":0,"5":0,"6":0,"7":0,"8":0},"f":{"0":0,"1":0,"2":0,"3":0},"b":{}}
,"D:\\WebD\\Ecommerce-App\\crown-clothing\\client\\src\\components\\with-spinner\\with-spinner.component.jsx": {"path":"D:\\WebD\\Ecommerce-App\\crown-clothing\\client\\src\\components\\with-spinner\\with-spinner.component.jsx","statementMap":{"0":{"start":{"line":6,"column":2},"end":{"line":9,"column":3}},"1":{"start":{"line":7,"column":2},"end":{"line":9,"column":3}},"2":{"start":{"line":8,"column":4},"end":{"line":8,"column":74}}},"fnMap":{"0":{"name":"(anonymous_0)","decl":{"start":{"line":6,"column":2},"end":{"line":6,"column":3}},"loc":{"start":{"line":7,"column":2},"end":{"line":9,"column":3}},"line":7},"1":{"name":"(anonymous_1)","decl":{"start":{"line":7,"column":2},"end":{"line":7,"column":3}},"loc":{"start":{"line":7,"column":36},"end":{"line":9,"column":3}},"line":7}},"branchMap":{"0":{"loc":{"start":{"line":8,"column":11},"end":{"line":8,"column":73}},"type":"cond-expr","locations":[{"start":{"line":8,"column":23},"end":{"line":8,"column":34}},{"start":{"line":8,"column":37},"end":{"line":8,"column":73}}],"line":8}},"s":{"0":0,"1":0,"2":0},"f":{"0":0,"1":0},"b":{"0":[0,0]}}
,"D:\\WebD\\Ecommerce-App\\crown-clothing\\client\\src\\firebase\\firebase.utils.js": {"path":"D:\\WebD\\Ecommerce-App\\crown-clothing\\client\\src\\firebase\\firebase.utils.js","statementMap":{"0":{"start":{"line":5,"column":15},"end":{"line":13,"column":1}},"1":{"start":{"line":15,"column":41},"end":{"line":37,"column":1}},"2":{"start":{"line":16,"column":2},"end":{"line":16,"column":24}},"3":{"start":{"line":16,"column":17},"end":{"line":16,"column":24}},"4":{"start":{"line":18,"column":18},"end":{"line":18,"column":56}},"5":{"start":{"line":20,"column":19},"end":{"line":20,"column":38}},"6":{"start":{"line":22,"column":2},"end":{"line":35,"column":3}},"7":{"start":{"line":23,"column":35},"end":{"line":23,"column":43}},"8":{"start":{"line":24,"column":22},"end":{"line":24,"column":32}},"9":{"start":{"line":25,"column":4},"end":{"line":34,"column":5}},"10":{"start":{"line":26,"column":6},"end":{"line":31,"column":9}},"11":{"start":{"line":33,"column":6},"end":{"line":33,"column":57}},"12":{"start":{"line":36,"column":2},"end":{"line":36,"column":17}},"13":{"start":{"line":39,"column":41},"end":{"line":52,"column":1}},"14":{"start":{"line":43,"column":24},"end":{"line":43,"column":59}},"15":{"start":{"line":45,"column":16},"end":{"line":45,"column":33}},"16":{"start":{"line":46,"column":2},"end":{"line":49,"column":5}},"17":{"start":{"line":47,"column":22},"end":{"line":47,"column":50}},"18":{"start":{"line":48,"column":4},"end":{"line":48,"column":30}},"19":{"start":{"line":51,"column":2},"end":{"line":51,"column":30}},"20":{"start":{"line":54,"column":47},"end":{"line":68,"column":1}},"21":{"start":{"line":55,"column":32},"end":{"line":63,"column":4}},"22":{"start":{"line":56,"column":29},"end":{"line":56,"column":39}},"23":{"start":{"line":57,"column":4},"end":{"line":62,"column":6}},"24":{"start":{"line":64,"column":2},"end":{"line":67,"column":9}},"25":{"start":{"line":65,"column":4},"end":{"line":65,"column":61}},"26":{"start":{"line":66,"column":4},"end":{"line":66,"column":23}},"27":{"start":{"line":70,"column":30},"end":{"line":77,"column":1}},"28":{"start":{"line":71,"column":2},"end":{"line":76,"column":5}},"29":{"start":{"line":72,"column":24},"end":{"line":75,"column":14}},"30":{"start":{"line":73,"column":6},"end":{"line":73,"column":20}},"31":{"start":{"line":74,"column":6},"end":{"line":74,"column":24}},"32":{"start":{"line":79,"column":0},"end":{"line":79,"column":31}},"33":{"start":{"line":81,"column":20},"end":{"line":81,"column":35}},"34":{"start":{"line":82,"column":25},"end":{"line":82,"column":45}},"35":{"start":{"line":84,"column":30},"end":{"line":84,"column":68}},"36":{"start":{"line":85,"column":0},"end":{"line":85,"column":65}},"37":{"start":{"line":86,"column":32},"end":{"line":86,"column":74}},"38":{"start":{"line":86,"column":38},"end":{"line":86,"column":74}}},"fnMap":{"0":{"name":"(anonymous_0)","decl":{"start":{"line":15,"column":41},"end":{"line":15,"column":42}},"loc":{"start":{"line":15,"column":77},"end":{"line":37,"column":1}},"line":15},"1":{"name":"(anonymous_1)","decl":{"start":{"line":39,"column":41},"end":{"line":39,"column":42}},"loc":{"start":{"line":42,"column":5},"end":{"line":52,"column":1}},"line":42},"2":{"name":"(anonymous_2)","decl":{"start":{"line":46,"column":23},"end":{"line":46,"column":24}},"loc":{"start":{"line":46,"column":32},"end":{"line":49,"column":3}},"line":46},"3":{"name":"(anonymous_3)","decl":{"start":{"line":54,"column":47},"end":{"line":54,"column":48}},"loc":{"start":{"line":54,"column":63},"end":{"line":68,"column":1}},"line":54},"4":{"name":"(anonymous_4)","decl":{"start":{"line":55,"column":52},"end":{"line":55,"column":53}},"loc":{"start":{"line":55,"column":61},"end":{"line":63,"column":3}},"line":55},"5":{"name":"(anonymous_5)","decl":{"start":{"line":64,"column":38},"end":{"line":64,"column":39}},"loc":{"start":{"line":64,"column":67},"end":{"line":67,"column":3}},"line":64},"6":{"name":"(anonymous_6)","decl":{"start":{"line":70,"column":30},"end":{"line":70,"column":31}},"loc":{"start":{"line":70,"column":36},"end":{"line":77,"column":1}},"line":70},"7":{"name":"(anonymous_7)","decl":{"start":{"line":71,"column":21},"end":{"line":71,"column":22}},"loc":{"start":{"line":71,"column":42},"end":{"line":76,"column":3}},"line":71},"8":{"name":"(anonymous_8)","decl":{"start":{"line":72,"column":48},"end":{"line":72,"column":49}},"loc":{"start":{"line":72,"column":62},"end":{"line":75,"column":5}},"line":72},"9":{"name":"(anonymous_9)","decl":{"start":{"line":86,"column":32},"end":{"line":86,"column":33}},"loc":{"start":{"line":86,"column":38},"end":{"line":86,"column":74}},"line":86}},"branchMap":{"0":{"loc":{"start":{"line":16,"column":2},"end":{"line":16,"column":24}},"type":"if","locations":[{"start":{"line":16,"column":2},"end":{"line":16,"column":24}},{"start":{"line":16,"column":2},"end":{"line":16,"column":24}}],"line":16},"1":{"loc":{"start":{"line":22,"column":2},"end":{"line":35,"column":3}},"type":"if","locations":[{"start":{"line":22,"column":2},"end":{"line":35,"column":3}},{"start":{"line":22,"column":2},"end":{"line":35,"column":3}}],"line":22}},"s":{"0":2,"1":2,"2":0,"3":0,"4":0,"5":0,"6":0,"7":0,"8":0,"9":0,"10":0,"11":0,"12":0,"13":2,"14":0,"15":0,"16":0,"17":0,"18":0,"19":0,"20":2,"21":0,"22":0,"23":0,"24":0,"25":0,"26":0,"27":2,"28":3,"29":3,"30":3,"31":3,"32":2,"33":2,"34":2,"35":2,"36":2,"37":2,"38":0},"f":{"0":0,"1":0,"2":0,"3":0,"4":0,"5":0,"6":3,"7":3,"8":3,"9":0},"b":{"0":[0,0],"1":[0,0]},"_coverageSchema":"1a1c01bbd47fc00a2c39e90264f33305004495a9","hash":"9c077c017fe083f81dfdb195c4aedc5a35bdd93e"}
,"D:\\WebD\\Ecommerce-App\\crown-clothing\\client\\src\\pages\\checkout\\checkout.component.jsx": {"path":"D:\\WebD\\Ecommerce-App\\crown-clothing\\client\\src\\pages\\checkout\\checkout.component.jsx","statementMap":{"0":{"start":{"line":21,"column":21},"end":{"line":51,"column":1}},"1":{"start":{"line":22,"column":2},"end":{"line":50,"column":26}},"2":{"start":{"line":41,"column":6},"end":{"line":41,"column":60}},"3":{"start":{"line":53,"column":24},"end":{"line":56,"column":2}}},"fnMap":{"0":{"name":"(anonymous_0)","decl":{"start":{"line":21,"column":21},"end":{"line":21,"column":22}},"loc":{"start":{"line":22,"column":2},"end":{"line":50,"column":26}},"line":22},"1":{"name":"(anonymous_1)","decl":{"start":{"line":40,"column":19},"end":{"line":40,"column":20}},"loc":{"start":{"line":41,"column":6},"end":{"line":41,"column":60}},"line":41}},"branchMap":{},"s":{"0":0,"1":0,"2":0,"3":0},"f":{"0":0,"1":0},"b":{}}
,"D:\\WebD\\Ecommerce-App\\crown-clothing\\client\\src\\pages\\checkout\\checkout.styles.jsx": {"path":"D:\\WebD\\Ecommerce-App\\crown-clothing\\client\\src\\pages\\checkout\\checkout.styles.jsx","statementMap":{"0":{"start":{"line":3,"column":37},"end":{"line":17,"column":1}},"1":{"start":{"line":19,"column":39},"end":{"line":25,"column":1}},"2":{"start":{"line":27,"column":36},"end":{"line":39,"column":1}},"3":{"start":{"line":41,"column":30},"end":{"line":45,"column":1}},"4":{"start":{"line":47,"column":32},"end":{"line":52,"column":1}}},"fnMap":{},"branchMap":{},"s":{"0":0,"1":0,"2":0,"3":0,"4":0},"f":{},"b":{}}
,"D:\\WebD\\Ecommerce-App\\crown-clothing\\client\\src\\pages\\collection\\collection.component.jsx": {"path":"D:\\WebD\\Ecommerce-App\\crown-clothing\\client\\src\\pages\\collection\\collection.component.jsx","statementMap":{"0":{"start":{"line":11,"column":23},"end":{"line":23,"column":1}},"1":{"start":{"line":12,"column":27},"end":{"line":12,"column":37}},"2":{"start":{"line":13,"column":2},"end":{"line":22,"column":4}},"3":{"start":{"line":18,"column":10},"end":{"line":18,"column":54}},"4":{"start":{"line":25,"column":24},"end":{"line":27,"column":2}},"5":{"start":{"line":25,"column":46},"end":{"line":27,"column":1}}},"fnMap":{"0":{"name":"(anonymous_0)","decl":{"start":{"line":11,"column":23},"end":{"line":11,"column":24}},"loc":{"start":{"line":11,"column":43},"end":{"line":23,"column":1}},"line":11},"1":{"name":"(anonymous_1)","decl":{"start":{"line":17,"column":19},"end":{"line":17,"column":20}},"loc":{"start":{"line":18,"column":10},"end":{"line":18,"column":54}},"line":18},"2":{"name":"(anonymous_2)","decl":{"start":{"line":25,"column":24},"end":{"line":25,"column":25}},"loc":{"start":{"line":25,"column":46},"end":{"line":27,"column":1}},"line":25}},"branchMap":{},"s":{"0":0,"1":0,"2":0,"3":0,"4":0,"5":0},"f":{"0":0,"1":0,"2":0},"b":{}}
,"D:\\WebD\\Ecommerce-App\\crown-clothing\\client\\src\\pages\\collection\\collection.container.jsx": {"path":"D:\\WebD\\Ecommerce-App\\crown-clothing\\client\\src\\pages\\collection\\collection.container.jsx","statementMap":{"0":{"start":{"line":8,"column":24},"end":{"line":10,"column":2}},"1":{"start":{"line":9,"column":24},"end":{"line":9,"column":57}},"2":{"start":{"line":12,"column":32},"end":{"line":15,"column":17}}},"fnMap":{"0":{"name":"(anonymous_0)","decl":{"start":{"line":9,"column":13},"end":{"line":9,"column":14}},"loc":{"start":{"line":9,"column":24},"end":{"line":9,"column":57}},"line":9}},"branchMap":{},"s":{"0":0,"1":0,"2":0},"f":{"0":0},"b":{}}
,"D:\\WebD\\Ecommerce-App\\crown-clothing\\client\\src\\pages\\collection\\collection.styles.jsx": {"path":"D:\\WebD\\Ecommerce-App\\crown-clothing\\client\\src\\pages\\collection\\collection.styles.jsx","statementMap":{"0":{"start":{"line":3,"column":39},"end":{"line":7,"column":1}},"1":{"start":{"line":9,"column":31},"end":{"line":12,"column":1}},"2":{"start":{"line":14,"column":40},"end":{"line":25,"column":1}}},"fnMap":{},"branchMap":{},"s":{"0":0,"1":0,"2":0},"f":{},"b":{}}
,"D:\\WebD\\Ecommerce-App\\crown-clothing\\client\\src\\pages\\homepage\\homepage.component.jsx": {"path":"D:\\WebD\\Ecommerce-App\\crown-clothing\\client\\src\\pages\\homepage\\homepage.component.jsx","statementMap":{"0":{"start":{"line":6,"column":17},"end":{"line":19,"column":1}},"1":{"start":{"line":7,"column":2},"end":{"line":18,"column":4}},"2":{"start":{"line":12,"column":10},"end":{"line":12,"column":53}}},"fnMap":{"0":{"name":"(anonymous_0)","decl":{"start":{"line":6,"column":17},"end":{"line":6,"column":18}},"loc":{"start":{"line":6,"column":23},"end":{"line":19,"column":1}},"line":6},"1":{"name":"(anonymous_1)","decl":{"start":{"line":11,"column":18},"end":{"line":11,"column":19}},"loc":{"start":{"line":11,"column":49},"end":{"line":13,"column":9}},"line":11}},"branchMap":{},"s":{"0":0,"1":0,"2":0},"f":{"0":0,"1":0},"b":{}}
,"D:\\WebD\\Ecommerce-App\\crown-clothing\\client\\src\\pages\\homepage\\homepage.styles.jsx": {"path":"D:\\WebD\\Ecommerce-App\\crown-clothing\\client\\src\\pages\\homepage\\homepage.styles.jsx","statementMap":{"0":{"start":{"line":3,"column":33},"end":{"line":8,"column":1}}},"fnMap":{},"branchMap":{},"s":{"0":0},"f":{},"b":{}}
,"D:\\WebD\\Ecommerce-App\\crown-clothing\\client\\src\\pages\\shop\\shop.component.jsx": {"path":"D:\\WebD\\Ecommerce-App\\crown-clothing\\client\\src\\pages\\shop\\shop.component.jsx","statementMap":{"0":{"start":{"line":8,"column":32},"end":{"line":10,"column":1}},"1":{"start":{"line":9,"column":2},"end":{"line":9,"column":46}},"2":{"start":{"line":12,"column":37},"end":{"line":14,"column":1}},"3":{"start":{"line":13,"column":2},"end":{"line":13,"column":78}},"4":{"start":{"line":16,"column":17},"end":{"line":36,"column":1}},"5":{"start":{"line":17,"column":2},"end":{"line":19,"column":30}},"6":{"start":{"line":18,"column":4},"end":{"line":18,"column":28}},"7":{"start":{"line":21,"column":2},"end":{"line":35,"column":4}},"8":{"start":{"line":38,"column":27},"end":{"line":40,"column":2}},"9":{"start":{"line":38,"column":42},"end":{"line":40,"column":1}},"10":{"start":{"line":39,"column":31},"end":{"line":39,"column":64}}},"fnMap":{"0":{"name":"(anonymous_0)","decl":{"start":{"line":8,"column":37},"end":{"line":8,"column":38}},"loc":{"start":{"line":9,"column":2},"end":{"line":9,"column":46}},"line":9},"1":{"name":"(anonymous_1)","decl":{"start":{"line":12,"column":42},"end":{"line":12,"column":43}},"loc":{"start":{"line":13,"column":2},"end":{"line":13,"column":78}},"line":13},"2":{"name":"(anonymous_2)","decl":{"start":{"line":16,"column":17},"end":{"line":16,"column":18}},"loc":{"start":{"line":16,"column":55},"end":{"line":36,"column":1}},"line":16},"3":{"name":"(anonymous_3)","decl":{"start":{"line":17,"column":12},"end":{"line":17,"column":13}},"loc":{"start":{"line":17,"column":18},"end":{"line":19,"column":3}},"line":17},"4":{"name":"(anonymous_4)","decl":{"start":{"line":38,"column":27},"end":{"line":38,"column":28}},"loc":{"start":{"line":38,"column":42},"end":{"line":40,"column":1}},"line":38},"5":{"name":"(anonymous_5)","decl":{"start":{"line":39,"column":25},"end":{"line":39,"column":26}},"loc":{"start":{"line":39,"column":31},"end":{"line":39,"column":64}},"line":39}},"branchMap":{},"s":{"0":0,"1":0,"2":0,"3":0,"4":0,"5":0,"6":0,"7":0,"8":0,"9":0,"10":0},"f":{"0":0,"1":0,"2":0,"3":0,"4":0,"5":0},"b":{}}
,"D:\\WebD\\Ecommerce-App\\crown-clothing\\client\\src\\pages\\sign-in-and-sign-up\\sign-in-and-sign-up.component.jsx": {"path":"D:\\WebD\\Ecommerce-App\\crown-clothing\\client\\src\\pages\\sign-in-and-sign-up\\sign-in-and-sign-up.component.jsx","statementMap":{"0":{"start":{"line":8,"column":28},"end":{"line":13,"column":1}},"1":{"start":{"line":9,"column":2},"end":{"line":12,"column":29}}},"fnMap":{"0":{"name":"(anonymous_0)","decl":{"start":{"line":8,"column":28},"end":{"line":8,"column":29}},"loc":{"start":{"line":9,"column":2},"end":{"line":12,"column":29}},"line":9}},"branchMap":{},"s":{"0":0,"1":0},"f":{"0":0},"b":{}}
,"D:\\WebD\\Ecommerce-App\\crown-clothing\\client\\src\\pages\\sign-in-and-sign-up\\sign-in-and-sign-up.styles.jsx": {"path":"D:\\WebD\\Ecommerce-App\\crown-clothing\\client\\src\\pages\\sign-in-and-sign-up\\sign-in-and-sign-up.styles.jsx","statementMap":{"0":{"start":{"line":3,"column":40},"end":{"line":16,"column":1}}},"fnMap":{},"branchMap":{},"s":{"0":0},"f":{},"b":{}}
,"D:\\WebD\\Ecommerce-App\\crown-clothing\\client\\src\\redux\\root-reducer.js": {"path":"D:\\WebD\\Ecommerce-App\\crown-clothing\\client\\src\\redux\\root-reducer.js","statementMap":{"0":{"start":{"line":10,"column":22},"end":{"line":14,"column":1}},"1":{"start":{"line":16,"column":20},"end":{"line":21,"column":2}}},"fnMap":{},"branchMap":{},"s":{"0":0,"1":0},"f":{},"b":{}}
,"D:\\WebD\\Ecommerce-App\\crown-clothing\\client\\src\\redux\\root-saga.js": {"path":"D:\\WebD\\Ecommerce-App\\crown-clothing\\client\\src\\redux\\root-saga.js","statementMap":{"0":{"start":{"line":7,"column":2},"end":{"line":7,"column":65}}},"fnMap":{"0":{"name":"rootSaga","decl":{"start":{"line":6,"column":25},"end":{"line":6,"column":33}},"loc":{"start":{"line":6,"column":36},"end":{"line":8,"column":1}},"line":6}},"branchMap":{},"s":{"0":0},"f":{"0":0},"b":{}}
,"D:\\WebD\\Ecommerce-App\\crown-clothing\\client\\src\\redux\\saga-testing.utils.js": {"path":"D:\\WebD\\Ecommerce-App\\crown-clothing\\client\\src\\redux\\saga-testing.utils.js","statementMap":{"0":{"start":{"line":4,"column":21},"end":{"line":4,"column":23}},"1":{"start":{"line":6,"column":2},"end":{"line":12,"column":9}},"2":{"start":{"line":8,"column":28},"end":{"line":8,"column":51}},"3":{"start":{"line":14,"column":2},"end":{"line":14,"column":20}}},"fnMap":{"0":{"name":"recordSaga","decl":{"start":{"line":3,"column":22},"end":{"line":3,"column":32}},"loc":{"start":{"line":3,"column":54},"end":{"line":15,"column":1}},"line":3},"1":{"name":"(anonymous_1)","decl":{"start":{"line":8,"column":16},"end":{"line":8,"column":17}},"loc":{"start":{"line":8,"column":28},"end":{"line":8,"column":51}},"line":8}},"branchMap":{},"s":{"0":0,"1":0,"2":0,"3":0},"f":{"0":0,"1":0},"b":{}}
,"D:\\WebD\\Ecommerce-App\\crown-clothing\\client\\src\\redux\\store.js": {"path":"D:\\WebD\\Ecommerce-App\\crown-clothing\\client\\src\\redux\\store.js","statementMap":{"0":{"start":{"line":8,"column":23},"end":{"line":8,"column":45}},"1":{"start":{"line":10,"column":20},"end":{"line":10,"column":36}},"2":{"start":{"line":12,"column":0},"end":{"line":14,"column":1}},"3":{"start":{"line":13,"column":2},"end":{"line":13,"column":27}},"4":{"start":{"line":16,"column":21},"end":{"line":16,"column":78}},"5":{"start":{"line":18,"column":0},"end":{"line":18,"column":29}},"6":{"start":{"line":20,"column":25},"end":{"line":20,"column":44}}},"fnMap":{},"branchMap":{"0":{"loc":{"start":{"line":12,"column":0},"end":{"line":14,"column":1}},"type":"if","locations":[{"start":{"line":12,"column":0},"end":{"line":14,"column":1}},{"start":{"line":12,"column":0},"end":{"line":14,"column":1}}],"line":12}},"s":{"0":0,"1":0,"2":0,"3":0,"4":0,"5":0,"6":0},"f":{},"b":{"0":[0,0]}}
,"D:\\WebD\\Ecommerce-App\\crown-clothing\\client\\src\\redux\\cart\\cartAction.js": {"path":"D:\\WebD\\Ecommerce-App\\crown-clothing\\client\\src\\redux\\cart\\cartAction.js","statementMap":{"0":{"start":{"line":3,"column":32},"end":{"line":5,"column":2}},"1":{"start":{"line":3,"column":39},"end":{"line":5,"column":1}},"2":{"start":{"line":7,"column":23},"end":{"line":10,"column":2}},"3":{"start":{"line":7,"column":34},"end":{"line":10,"column":1}},"4":{"start":{"line":12,"column":33},"end":{"line":15,"column":2}},"5":{"start":{"line":12,"column":44},"end":{"line":15,"column":1}},"6":{"start":{"line":17,"column":26},"end":{"line":20,"column":2}},"7":{"start":{"line":17,"column":37},"end":{"line":20,"column":1}},"8":{"start":{"line":22,"column":25},"end":{"line":24,"column":2}},"9":{"start":{"line":22,"column":32},"end":{"line":24,"column":1}}},"fnMap":{"0":{"name":"(anonymous_0)","decl":{"start":{"line":3,"column":32},"end":{"line":3,"column":33}},"loc":{"start":{"line":3,"column":39},"end":{"line":5,"column":1}},"line":3},"1":{"name":"(anonymous_1)","decl":{"start":{"line":7,"column":23},"end":{"line":7,"column":24}},"loc":{"start":{"line":7,"column":34},"end":{"line":10,"column":1}},"line":7},"2":{"name":"(anonymous_2)","decl":{"start":{"line":12,"column":33},"end":{"line":12,"column":34}},"loc":{"start":{"line":12,"column":44},"end":{"line":15,"column":1}},"line":12},"3":{"name":"(anonymous_3)","decl":{"start":{"line":17,"column":26},"end":{"line":17,"column":27}},"loc":{"start":{"line":17,"column":37},"end":{"line":20,"column":1}},"line":17},"4":{"name":"(anonymous_4)","decl":{"start":{"line":22,"column":25},"end":{"line":22,"column":26}},"loc":{"start":{"line":22,"column":32},"end":{"line":24,"column":1}},"line":22}},"branchMap":{},"s":{"0":0,"1":0,"2":0,"3":0,"4":0,"5":0,"6":0,"7":0,"8":0,"9":0},"f":{"0":0,"1":0,"2":0,"3":0,"4":0},"b":{}}
,"D:\\WebD\\Ecommerce-App\\crown-clothing\\client\\src\\redux\\cart\\cartReducer.js": {"path":"D:\\WebD\\Ecommerce-App\\crown-clothing\\client\\src\\redux\\cart\\cartReducer.js","statementMap":{"0":{"start":{"line":4,"column":22},"end":{"line":7,"column":1}},"1":{"start":{"line":9,"column":20},"end":{"line":42,"column":1}},"2":{"start":{"line":10,"column":2},"end":{"line":41,"column":3}},"3":{"start":{"line":12,"column":6},"end":{"line":15,"column":8}},"4":{"start":{"line":17,"column":6},"end":{"line":20,"column":8}},"5":{"start":{"line":22,"column":6},"end":{"line":25,"column":8}},"6":{"start":{"line":27,"column":6},"end":{"line":32,"column":8}},"7":{"start":{"line":30,"column":24},"end":{"line":30,"column":57}},"8":{"start":{"line":34,"column":6},"end":{"line":37,"column":8}},"9":{"start":{"line":40,"column":6},"end":{"line":40,"column":19}}},"fnMap":{"0":{"name":"(anonymous_0)","decl":{"start":{"line":9,"column":20},"end":{"line":9,"column":21}},"loc":{"start":{"line":9,"column":55},"end":{"line":42,"column":1}},"line":9},"1":{"name":"(anonymous_1)","decl":{"start":{"line":30,"column":10},"end":{"line":30,"column":11}},"loc":{"start":{"line":30,"column":24},"end":{"line":30,"column":57}},"line":30}},"branchMap":{"0":{"loc":{"start":{"line":9,"column":21},"end":{"line":9,"column":42}},"type":"default-arg","locations":[{"start":{"line":9,"column":29},"end":{"line":9,"column":42}}],"line":9},"1":{"loc":{"start":{"line":10,"column":2},"end":{"line":41,"column":3}},"type":"switch","locations":[{"start":{"line":11,"column":4},"end":{"line":15,"column":8}},{"start":{"line":16,"column":4},"end":{"line":20,"column":8}},{"start":{"line":21,"column":4},"end":{"line":25,"column":8}},{"start":{"line":26,"column":4},"end":{"line":32,"column":8}},{"start":{"line":33,"column":4},"end":{"line":37,"column":8}},{"start":{"line":39,"column":4},"end":{"line":40,"column":19}}],"line":10}},"s":{"0":0,"1":0,"2":0,"3":0,"4":0,"5":0,"6":0,"7":0,"8":0,"9":0},"f":{"0":0,"1":0},"b":{"0":[0],"1":[0,0,0,0,0,0]}}
,"D:\\WebD\\Ecommerce-App\\crown-clothing\\client\\src\\redux\\cart\\cartSagas.js": {"path":"D:\\WebD\\Ecommerce-App\\crown-clothing\\client\\src\\redux\\cart\\cartSagas.js","statementMap":{"0":{"start":{"line":6,"column":2},"end":{"line":6,"column":25}},"1":{"start":{"line":10,"column":2},"end":{"line":10,"column":71}},"2":{"start":{"line":14,"column":2},"end":{"line":14,"column":38}}},"fnMap":{"0":{"name":"clearCartSignOut","decl":{"start":{"line":5,"column":17},"end":{"line":5,"column":33}},"loc":{"start":{"line":5,"column":36},"end":{"line":7,"column":1}},"line":5},"1":{"name":"onSignOutSuccess","decl":{"start":{"line":9,"column":17},"end":{"line":9,"column":33}},"loc":{"start":{"line":9,"column":36},"end":{"line":11,"column":1}},"line":9},"2":{"name":"cartSagas","decl":{"start":{"line":13,"column":17},"end":{"line":13,"column":26}},"loc":{"start":{"line":13,"column":29},"end":{"line":15,"column":1}},"line":13}},"branchMap":{},"s":{"0":0,"1":0,"2":0},"f":{"0":0,"1":0,"2":0},"b":{}}
,"D:\\WebD\\Ecommerce-App\\crown-clothing\\client\\src\\redux\\cart\\cartSelectors.js": {"path":"D:\\WebD\\Ecommerce-App\\crown-clothing\\client\\src\\redux\\cart\\cartSelectors.js","statementMap":{"0":{"start":{"line":3,"column":19},"end":{"line":3,"column":40}},"1":{"start":{"line":3,"column":30},"end":{"line":3,"column":40}},"2":{"start":{"line":5,"column":31},"end":{"line":8,"column":1}},"3":{"start":{"line":7,"column":12},"end":{"line":7,"column":26}},"4":{"start":{"line":10,"column":32},"end":{"line":13,"column":1}},"5":{"start":{"line":12,"column":12},"end":{"line":12,"column":23}},"6":{"start":{"line":15,"column":36},"end":{"line":23,"column":1}},"7":{"start":{"line":18,"column":4},"end":{"line":22,"column":5}},"8":{"start":{"line":20,"column":8},"end":{"line":20,"column":47}},"9":{"start":{"line":25,"column":31},"end":{"line":31,"column":1}},"10":{"start":{"line":26,"column":2},"end":{"line":30,"column":3}},"11":{"start":{"line":28,"column":6},"end":{"line":28,"column":62}}},"fnMap":{"0":{"name":"(anonymous_0)","decl":{"start":{"line":3,"column":19},"end":{"line":3,"column":20}},"loc":{"start":{"line":3,"column":30},"end":{"line":3,"column":40}},"line":3},"1":{"name":"(anonymous_1)","decl":{"start":{"line":7,"column":2},"end":{"line":7,"column":3}},"loc":{"start":{"line":7,"column":12},"end":{"line":7,"column":26}},"line":7},"2":{"name":"(anonymous_2)","decl":{"start":{"line":12,"column":2},"end":{"line":12,"column":3}},"loc":{"start":{"line":12,"column":12},"end":{"line":12,"column":23}},"line":12},"3":{"name":"(anonymous_3)","decl":{"start":{"line":17,"column":2},"end":{"line":17,"column":3}},"loc":{"start":{"line":18,"column":4},"end":{"line":22,"column":5}},"line":18},"4":{"name":"(anonymous_4)","decl":{"start":{"line":19,"column":6},"end":{"line":19,"column":7}},"loc":{"start":{"line":20,"column":8},"end":{"line":20,"column":47}},"line":20},"5":{"name":"(anonymous_5)","decl":{"start":{"line":25,"column":65},"end":{"line":25,"column":66}},"loc":{"start":{"line":26,"column":2},"end":{"line":30,"column":3}},"line":26},"6":{"name":"(anonymous_6)","decl":{"start":{"line":27,"column":4},"end":{"line":27,"column":5}},"loc":{"start":{"line":28,"column":6},"end":{"line":28,"column":62}},"line":28}},"branchMap":{},"s":{"0":0,"1":0,"2":0,"3":0,"4":0,"5":0,"6":0,"7":0,"8":0,"9":0,"10":0,"11":0},"f":{"0":0,"1":0,"2":0,"3":0,"4":0,"5":0,"6":0},"b":{}}
,"D:\\WebD\\Ecommerce-App\\crown-clothing\\client\\src\\redux\\cart\\cartTypes.js": {"path":"D:\\WebD\\Ecommerce-App\\crown-clothing\\client\\src\\redux\\cart\\cartTypes.js","statementMap":{"0":{"start":{"line":1,"column":31},"end":{"line":7,"column":1}}},"fnMap":{},"branchMap":{},"s":{"0":0},"f":{},"b":{}}
,"D:\\WebD\\Ecommerce-App\\crown-clothing\\client\\src\\redux\\cart\\cartUtils.js": {"path":"D:\\WebD\\Ecommerce-App\\crown-clothing\\client\\src\\redux\\cart\\cartUtils.js","statementMap":{"0":{"start":{"line":1,"column":29},"end":{"line":15,"column":1}},"1":{"start":{"line":2,"column":27},"end":{"line":4,"column":3}},"2":{"start":{"line":3,"column":18},"end":{"line":3,"column":50}},"3":{"start":{"line":6,"column":2},"end":{"line":12,"column":3}},"4":{"start":{"line":7,"column":4},"end":{"line":11,"column":6}},"5":{"start":{"line":8,"column":6},"end":{"line":10,"column":18}},"6":{"start":{"line":14,"column":2},"end":{"line":14,"column":59}},"7":{"start":{"line":17,"column":34},"end":{"line":31,"column":1}},"8":{"start":{"line":18,"column":27},"end":{"line":20,"column":3}},"9":{"start":{"line":19,"column":18},"end":{"line":19,"column":53}},"10":{"start":{"line":22,"column":2},"end":{"line":24,"column":3}},"11":{"start":{"line":23,"column":4},"end":{"line":23,"column":79}},"12":{"start":{"line":23,"column":42},"end":{"line":23,"column":77}},"13":{"start":{"line":26,"column":2},"end":{"line":30,"column":4}},"14":{"start":{"line":27,"column":4},"end":{"line":29,"column":16}}},"fnMap":{"0":{"name":"(anonymous_0)","decl":{"start":{"line":1,"column":29},"end":{"line":1,"column":30}},"loc":{"start":{"line":1,"column":59},"end":{"line":15,"column":1}},"line":1},"1":{"name":"(anonymous_1)","decl":{"start":{"line":3,"column":4},"end":{"line":3,"column":5}},"loc":{"start":{"line":3,"column":18},"end":{"line":3,"column":50}},"line":3},"2":{"name":"(anonymous_2)","decl":{"start":{"line":7,"column":25},"end":{"line":7,"column":26}},"loc":{"start":{"line":8,"column":6},"end":{"line":10,"column":18}},"line":8},"3":{"name":"(anonymous_3)","decl":{"start":{"line":17,"column":34},"end":{"line":17,"column":35}},"loc":{"start":{"line":17,"column":67},"end":{"line":31,"column":1}},"line":17},"4":{"name":"(anonymous_4)","decl":{"start":{"line":19,"column":4},"end":{"line":19,"column":5}},"loc":{"start":{"line":19,"column":18},"end":{"line":19,"column":53}},"line":19},"5":{"name":"(anonymous_5)","decl":{"start":{"line":23,"column":28},"end":{"line":23,"column":29}},"loc":{"start":{"line":23,"column":42},"end":{"line":23,"column":77}},"line":23},"6":{"name":"(anonymous_6)","decl":{"start":{"line":26,"column":23},"end":{"line":26,"column":24}},"loc":{"start":{"line":27,"column":4},"end":{"line":29,"column":16}},"line":27}},"branchMap":{"0":{"loc":{"start":{"line":6,"column":2},"end":{"line":12,"column":3}},"type":"if","locations":[{"start":{"line":6,"column":2},"end":{"line":12,"column":3}},{"start":{"line":6,"column":2},"end":{"line":12,"column":3}}],"line":6},"1":{"loc":{"start":{"line":8,"column":6},"end":{"line":10,"column":18}},"type":"cond-expr","locations":[{"start":{"line":9,"column":10},"end":{"line":9,"column":58}},{"start":{"line":10,"column":10},"end":{"line":10,"column":18}}],"line":8},"2":{"loc":{"start":{"line":22,"column":2},"end":{"line":24,"column":3}},"type":"if","locations":[{"start":{"line":22,"column":2},"end":{"line":24,"column":3}},{"start":{"line":22,"column":2},"end":{"line":24,"column":3}}],"line":22},"3":{"loc":{"start":{"line":27,"column":4},"end":{"line":29,"column":16}},"type":"cond-expr","locations":[{"start":{"line":28,"column":8},"end":{"line":28,"column":56}},{"start":{"line":29,"column":8},"end":{"line":29,"column":16}}],"line":27}},"s":{"0":0,"1":0,"2":0,"3":0,"4":0,"5":0,"6":0,"7":0,"8":0,"9":0,"10":0,"11":0,"12":0,"13":0,"14":0},"f":{"0":0,"1":0,"2":0,"3":0,"4":0,"5":0,"6":0},"b":{"0":[0,0],"1":[0,0],"2":[0,0],"3":[0,0]}}
,"D:\\WebD\\Ecommerce-App\\crown-clothing\\client\\src\\redux\\directory\\directoryReducer.js": {"path":"D:\\WebD\\Ecommerce-App\\crown-clothing\\client\\src\\redux\\directory\\directoryReducer.js","statementMap":{"0":{"start":{"line":1,"column":22},"end":{"line":36,"column":1}},"1":{"start":{"line":38,"column":25},"end":{"line":43,"column":1}},"2":{"start":{"line":39,"column":2},"end":{"line":42,"column":3}},"3":{"start":{"line":41,"column":6},"end":{"line":41,"column":19}}},"fnMap":{"0":{"name":"(anonymous_0)","decl":{"start":{"line":38,"column":25},"end":{"line":38,"column":26}},"loc":{"start":{"line":38,"column":60},"end":{"line":43,"column":1}},"line":38}},"branchMap":{"0":{"loc":{"start":{"line":38,"column":26},"end":{"line":38,"column":47}},"type":"default-arg","locations":[{"start":{"line":38,"column":34},"end":{"line":38,"column":47}}],"line":38},"1":{"loc":{"start":{"line":39,"column":2},"end":{"line":42,"column":3}},"type":"switch","locations":[{"start":{"line":40,"column":4},"end":{"line":41,"column":19}}],"line":39}},"s":{"0":0,"1":0,"2":0,"3":0},"f":{"0":0},"b":{"0":[0],"1":[0]}}
,"D:\\WebD\\Ecommerce-App\\crown-clothing\\client\\src\\redux\\directory\\directorySelectors.js": {"path":"D:\\WebD\\Ecommerce-App\\crown-clothing\\client\\src\\redux\\directory\\directorySelectors.js","statementMap":{"0":{"start":{"line":3,"column":24},"end":{"line":3,"column":50}},"1":{"start":{"line":3,"column":35},"end":{"line":3,"column":50}},"2":{"start":{"line":5,"column":39},"end":{"line":8,"column":1}},"3":{"start":{"line":7,"column":17},"end":{"line":7,"column":35}}},"fnMap":{"0":{"name":"(anonymous_0)","decl":{"start":{"line":3,"column":24},"end":{"line":3,"column":25}},"loc":{"start":{"line":3,"column":35},"end":{"line":3,"column":50}},"line":3},"1":{"name":"(anonymous_1)","decl":{"start":{"line":7,"column":2},"end":{"line":7,"column":3}},"loc":{"start":{"line":7,"column":17},"end":{"line":7,"column":35}},"line":7}},"branchMap":{},"s":{"0":0,"1":0,"2":0,"3":0},"f":{"0":0,"1":0},"b":{}}
,"D:\\WebD\\Ecommerce-App\\crown-clothing\\client\\src\\redux\\shop\\shop.actions.js": {"path":"D:\\WebD\\Ecommerce-App\\crown-clothing\\client\\src\\redux\\shop\\shop.actions.js","statementMap":{"0":{"start":{"line":3,"column":37},"end":{"line":5,"column":2}},"1":{"start":{"line":3,"column":44},"end":{"line":5,"column":1}},"2":{"start":{"line":7,"column":39},"end":{"line":10,"column":2}},"3":{"start":{"line":7,"column":60},"end":{"line":10,"column":1}},"4":{"start":{"line":12,"column":39},"end":{"line":15,"column":2}},"5":{"start":{"line":12,"column":58},"end":{"line":15,"column":1}}},"fnMap":{"0":{"name":"(anonymous_0)","decl":{"start":{"line":3,"column":37},"end":{"line":3,"column":38}},"loc":{"start":{"line":3,"column":44},"end":{"line":5,"column":1}},"line":3},"1":{"name":"(anonymous_1)","decl":{"start":{"line":7,"column":39},"end":{"line":7,"column":40}},"loc":{"start":{"line":7,"column":60},"end":{"line":10,"column":1}},"line":7},"2":{"name":"(anonymous_2)","decl":{"start":{"line":12,"column":39},"end":{"line":12,"column":40}},"loc":{"start":{"line":12,"column":58},"end":{"line":15,"column":1}},"line":12}},"branchMap":{},"s":{"0":1,"1":0,"2":1,"3":2,"4":1,"5":0},"f":{"0":0,"1":2,"2":0},"b":{},"_coverageSchema":"1a1c01bbd47fc00a2c39e90264f33305004495a9","hash":"935ad38b0d2bc5936c3aec69457f375453b85329"}
,"D:\\WebD\\Ecommerce-App\\crown-clothing\\client\\src\\redux\\shop\\shop.saga.js": {"path":"D:\\WebD\\Ecommerce-App\\crown-clothing\\client\\src\\redux\\shop\\shop.saga.js","statementMap":{"0":{"start":{"line":14,"column":2},"end":{"line":24,"column":3}},"1":{"start":{"line":15,"column":26},"end":{"line":15,"column":61}},"2":{"start":{"line":16,"column":21},"end":{"line":16,"column":46}},"3":{"start":{"line":17,"column":27},"end":{"line":20,"column":5}},"4":{"start":{"line":21,"column":4},"end":{"line":21,"column":55}},"5":{"start":{"line":23,"column":4},"end":{"line":23,"column":52}},"6":{"start":{"line":36,"column":2},"end":{"line":39,"column":4}},"7":{"start":{"line":43,"column":2},"end":{"line":43,"column":42}}},"fnMap":{"0":{"name":"fetchCollectionAsync","decl":{"start":{"line":13,"column":17},"end":{"line":13,"column":37}},"loc":{"start":{"line":13,"column":40},"end":{"line":33,"column":1}},"line":13},"1":{"name":"fetchCollectionStart","decl":{"start":{"line":35,"column":17},"end":{"line":35,"column":37}},"loc":{"start":{"line":35,"column":40},"end":{"line":40,"column":1}},"line":35},"2":{"name":"shopSagas","decl":{"start":{"line":42,"column":17},"end":{"line":42,"column":26}},"loc":{"start":{"line":42,"column":29},"end":{"line":44,"column":1}},"line":42}},"branchMap":{},"s":{"0":1,"1":1,"2":1,"3":1,"4":1,"5":0,"6":1,"7":0},"f":{"0":1,"1":1,"2":0},"b":{},"_coverageSchema":"1a1c01bbd47fc00a2c39e90264f33305004495a9","hash":"87afbfe5a1f010e9ec0f18c1f3a1a412d084fcd8"}
,"D:\\WebD\\Ecommerce-App\\crown-clothing\\client\\src\\redux\\shop\\shop.types.js": {"path":"D:\\WebD\\Ecommerce-App\\crown-clothing\\client\\src\\redux\\shop\\shop.types.js","statementMap":{"0":{"start":{"line":1,"column":24},"end":{"line":5,"column":1}}},"fnMap":{},"branchMap":{},"s":{"0":2},"f":{},"b":{},"_coverageSchema":"1a1c01bbd47fc00a2c39e90264f33305004495a9","hash":"59543461e2af36faf4d4f45ba92c1d3dad827fea"}
,"D:\\WebD\\Ecommerce-App\\crown-clothing\\client\\src\\redux\\shop\\shopReducer.js": {"path":"D:\\WebD\\Ecommerce-App\\crown-clothing\\client\\src\\redux\\shop\\shopReducer.js","statementMap":{"0":{"start":{"line":3,"column":22},"end":{"line":7,"column":1}},"1":{"start":{"line":9,"column":20},"end":{"line":31,"column":1}},"2":{"start":{"line":10,"column":2},"end":{"line":30,"column":3}},"3":{"start":{"line":12,"column":6},"end":{"line":15,"column":8}},"4":{"start":{"line":17,"column":6},"end":{"line":21,"column":8}},"5":{"start":{"line":23,"column":6},"end":{"line":27,"column":8}},"6":{"start":{"line":29,"column":6},"end":{"line":29,"column":19}}},"fnMap":{"0":{"name":"(anonymous_0)","decl":{"start":{"line":9,"column":20},"end":{"line":9,"column":21}},"loc":{"start":{"line":9,"column":55},"end":{"line":31,"column":1}},"line":9}},"branchMap":{"0":{"loc":{"start":{"line":9,"column":21},"end":{"line":9,"column":42}},"type":"default-arg","locations":[{"start":{"line":9,"column":29},"end":{"line":9,"column":42}}],"line":9},"1":{"loc":{"start":{"line":10,"column":2},"end":{"line":30,"column":3}},"type":"switch","locations":[{"start":{"line":11,"column":4},"end":{"line":15,"column":8}},{"start":{"line":16,"column":4},"end":{"line":21,"column":8}},{"start":{"line":22,"column":4},"end":{"line":27,"column":8}},{"start":{"line":28,"column":4},"end":{"line":29,"column":19}}],"line":10}},"s":{"0":1,"1":1,"2":4,"3":1,"4":1,"5":1,"6":1},"f":{"0":4},"b":{"0":[1],"1":[1,1,1,1]},"_coverageSchema":"1a1c01bbd47fc00a2c39e90264f33305004495a9","hash":"f800ee52f84ae56b0d81c93af296978bc0eed47e"}
,"D:\\WebD\\Ecommerce-App\\crown-clothing\\client\\src\\redux\\shop\\shopSelector.js": {"path":"D:\\WebD\\Ecommerce-App\\crown-clothing\\client\\src\\redux\\shop\\shopSelector.js","statementMap":{"0":{"start":{"line":4,"column":19},"end":{"line":4,"column":40}},"1":{"start":{"line":4,"column":30},"end":{"line":4,"column":40}},"2":{"start":{"line":6,"column":33},"end":{"line":9,"column":1}},"3":{"start":{"line":8,"column":12},"end":{"line":8,"column":28}},"4":{"start":{"line":11,"column":43},"end":{"line":15,"column":1}},"5":{"start":{"line":14,"column":4},"end":{"line":14,"column":78}},"6":{"start":{"line":14,"column":56},"end":{"line":14,"column":72}},"7":{"start":{"line":17,"column":32},"end":{"line":21,"column":1}},"8":{"start":{"line":18,"column":2},"end":{"line":20,"column":3}},"9":{"start":{"line":19,"column":4},"end":{"line":19,"column":56}},"10":{"start":{"line":23,"column":42},"end":{"line":26,"column":1}},"11":{"start":{"line":25,"column":12},"end":{"line":25,"column":27}},"12":{"start":{"line":28,"column":41},"end":{"line":31,"column":1}},"13":{"start":{"line":30,"column":12},"end":{"line":30,"column":30}}},"fnMap":{"0":{"name":"(anonymous_0)","decl":{"start":{"line":4,"column":19},"end":{"line":4,"column":20}},"loc":{"start":{"line":4,"column":30},"end":{"line":4,"column":40}},"line":4},"1":{"name":"(anonymous_1)","decl":{"start":{"line":8,"column":2},"end":{"line":8,"column":3}},"loc":{"start":{"line":8,"column":12},"end":{"line":8,"column":28}},"line":8},"2":{"name":"(anonymous_2)","decl":{"start":{"line":13,"column":2},"end":{"line":13,"column":3}},"loc":{"start":{"line":14,"column":4},"end":{"line":14,"column":78}},"line":14},"3":{"name":"(anonymous_3)","decl":{"start":{"line":14,"column":47},"end":{"line":14,"column":48}},"loc":{"start":{"line":14,"column":56},"end":{"line":14,"column":72}},"line":14},"4":{"name":"(anonymous_4)","decl":{"start":{"line":17,"column":40},"end":{"line":17,"column":41}},"loc":{"start":{"line":18,"column":2},"end":{"line":20,"column":3}},"line":18},"5":{"name":"(anonymous_5)","decl":{"start":{"line":18,"column":38},"end":{"line":18,"column":39}},"loc":{"start":{"line":19,"column":4},"end":{"line":19,"column":56}},"line":19},"6":{"name":"(anonymous_6)","decl":{"start":{"line":25,"column":2},"end":{"line":25,"column":3}},"loc":{"start":{"line":25,"column":12},"end":{"line":25,"column":27}},"line":25},"7":{"name":"(anonymous_7)","decl":{"start":{"line":30,"column":2},"end":{"line":30,"column":3}},"loc":{"start":{"line":30,"column":12},"end":{"line":30,"column":30}},"line":30}},"branchMap":{"0":{"loc":{"start":{"line":14,"column":4},"end":{"line":14,"column":78}},"type":"cond-expr","locations":[{"start":{"line":14,"column":18},"end":{"line":14,"column":73}},{"start":{"line":14,"column":76},"end":{"line":14,"column":78}}],"line":14},"1":{"loc":{"start":{"line":19,"column":4},"end":{"line":19,"column":56}},"type":"cond-expr","locations":[{"start":{"line":19,"column":18},"end":{"line":19,"column":49}},{"start":{"line":19,"column":52},"end":{"line":19,"column":56}}],"line":19}},"s":{"0":0,"1":0,"2":0,"3":0,"4":0,"5":0,"6":0,"7":0,"8":0,"9":0,"10":0,"11":0,"12":0,"13":0},"f":{"0":0,"1":0,"2":0,"3":0,"4":0,"5":0,"6":0,"7":0},"b":{"0":[0,0],"1":[0,0]}}
,"D:\\WebD\\Ecommerce-App\\crown-clothing\\client\\src\\redux\\user\\userAction.js": {"path":"D:\\WebD\\Ecommerce-App\\crown-clothing\\client\\src\\redux\\user\\userAction.js","statementMap":{"0":{"start":{"line":3,"column":33},"end":{"line":5,"column":2}},"1":{"start":{"line":3,"column":40},"end":{"line":5,"column":1}},"2":{"start":{"line":7,"column":29},"end":{"line":10,"column":2}},"3":{"start":{"line":7,"column":40},"end":{"line":10,"column":1}},"4":{"start":{"line":12,"column":29},"end":{"line":15,"column":2}},"5":{"start":{"line":12,"column":41},"end":{"line":15,"column":1}},"6":{"start":{"line":17,"column":32},"end":{"line":20,"column":2}},"7":{"start":{"line":17,"column":55},"end":{"line":20,"column":1}},"8":{"start":{"line":22,"column":32},"end":{"line":24,"column":2}},"9":{"start":{"line":22,"column":39},"end":{"line":24,"column":1}},"10":{"start":{"line":26,"column":28},"end":{"line":28,"column":2}},"11":{"start":{"line":26,"column":35},"end":{"line":28,"column":1}},"12":{"start":{"line":30,"column":30},"end":{"line":32,"column":2}},"13":{"start":{"line":30,"column":37},"end":{"line":32,"column":1}},"14":{"start":{"line":34,"column":30},"end":{"line":37,"column":2}},"15":{"start":{"line":34,"column":42},"end":{"line":37,"column":1}},"16":{"start":{"line":39,"column":27},"end":{"line":42,"column":2}},"17":{"start":{"line":39,"column":49},"end":{"line":42,"column":1}},"18":{"start":{"line":44,"column":29},"end":{"line":47,"column":2}},"19":{"start":{"line":44,"column":60},"end":{"line":47,"column":1}},"20":{"start":{"line":49,"column":29},"end":{"line":52,"column":2}},"21":{"start":{"line":49,"column":41},"end":{"line":52,"column":1}}},"fnMap":{"0":{"name":"(anonymous_0)","decl":{"start":{"line":3,"column":33},"end":{"line":3,"column":34}},"loc":{"start":{"line":3,"column":40},"end":{"line":5,"column":1}},"line":3},"1":{"name":"(anonymous_1)","decl":{"start":{"line":7,"column":29},"end":{"line":7,"column":30}},"loc":{"start":{"line":7,"column":40},"end":{"line":10,"column":1}},"line":7},"2":{"name":"(anonymous_2)","decl":{"start":{"line":12,"column":29},"end":{"line":12,"column":30}},"loc":{"start":{"line":12,"column":41},"end":{"line":15,"column":1}},"line":12},"3":{"name":"(anonymous_3)","decl":{"start":{"line":17,"column":32},"end":{"line":17,"column":33}},"loc":{"start":{"line":17,"column":55},"end":{"line":20,"column":1}},"line":17},"4":{"name":"(anonymous_4)","decl":{"start":{"line":22,"column":32},"end":{"line":22,"column":33}},"loc":{"start":{"line":22,"column":39},"end":{"line":24,"column":1}},"line":22},"5":{"name":"(anonymous_5)","decl":{"start":{"line":26,"column":28},"end":{"line":26,"column":29}},"loc":{"start":{"line":26,"column":35},"end":{"line":28,"column":1}},"line":26},"6":{"name":"(anonymous_6)","decl":{"start":{"line":30,"column":30},"end":{"line":30,"column":31}},"loc":{"start":{"line":30,"column":37},"end":{"line":32,"column":1}},"line":30},"7":{"name":"(anonymous_7)","decl":{"start":{"line":34,"column":30},"end":{"line":34,"column":31}},"loc":{"start":{"line":34,"column":42},"end":{"line":37,"column":1}},"line":34},"8":{"name":"(anonymous_8)","decl":{"start":{"line":39,"column":27},"end":{"line":39,"column":28}},"loc":{"start":{"line":39,"column":49},"end":{"line":42,"column":1}},"line":39},"9":{"name":"(anonymous_9)","decl":{"start":{"line":44,"column":29},"end":{"line":44,"column":30}},"loc":{"start":{"line":44,"column":60},"end":{"line":47,"column":1}},"line":44},"10":{"name":"(anonymous_10)","decl":{"start":{"line":49,"column":29},"end":{"line":49,"column":30}},"loc":{"start":{"line":49,"column":41},"end":{"line":52,"column":1}},"line":49}},"branchMap":{},"s":{"0":1,"1":0,"2":1,"3":0,"4":1,"5":6,"6":1,"7":0,"8":1,"9":0,"10":1,"11":0,"12":1,"13":2,"14":1,"15":2,"16":1,"17":0,"18":1,"19":0,"20":1,"21":0},"f":{"0":0,"1":0,"2":6,"3":0,"4":0,"5":0,"6":2,"7":2,"8":0,"9":0,"10":0},"b":{},"_coverageSchema":"1a1c01bbd47fc00a2c39e90264f33305004495a9","hash":"6d0891695a87ee41cc670d3b4c3c20805b45bea7"}
,"D:\\WebD\\Ecommerce-App\\crown-clothing\\client\\src\\redux\\user\\userReducer.js": {"path":"D:\\WebD\\Ecommerce-App\\crown-clothing\\client\\src\\redux\\user\\userReducer.js","statementMap":{"0":{"start":{"line":3,"column":22},"end":{"line":6,"column":1}},"1":{"start":{"line":8,"column":20},"end":{"line":34,"column":1}},"2":{"start":{"line":9,"column":2},"end":{"line":33,"column":3}},"3":{"start":{"line":11,"column":6},"end":{"line":15,"column":8}},"4":{"start":{"line":18,"column":6},"end":{"line":22,"column":8}},"5":{"start":{"line":26,"column":6},"end":{"line":29,"column":8}},"6":{"start":{"line":32,"column":6},"end":{"line":32,"column":19}}},"fnMap":{"0":{"name":"(anonymous_0)","decl":{"start":{"line":8,"column":20},"end":{"line":8,"column":21}},"loc":{"start":{"line":8,"column":55},"end":{"line":34,"column":1}},"line":8}},"branchMap":{"0":{"loc":{"start":{"line":8,"column":21},"end":{"line":8,"column":42}},"type":"default-arg","locations":[{"start":{"line":8,"column":29},"end":{"line":8,"column":42}}],"line":8},"1":{"loc":{"start":{"line":9,"column":2},"end":{"line":33,"column":3}},"type":"switch","locations":[{"start":{"line":10,"column":4},"end":{"line":15,"column":8}},{"start":{"line":17,"column":4},"end":{"line":22,"column":8}},{"start":{"line":23,"column":4},"end":{"line":23,"column":41}},{"start":{"line":24,"column":4},"end":{"line":24,"column":42}},{"start":{"line":25,"column":4},"end":{"line":29,"column":8}},{"start":{"line":31,"column":4},"end":{"line":32,"column":19}}],"line":9}},"s":{"0":1,"1":1,"2":6,"3":1,"4":1,"5":3,"6":1},"f":{"0":6},"b":{"0":[1],"1":[1,1,1,2,3,1]},"_coverageSchema":"1a1c01bbd47fc00a2c39e90264f33305004495a9","hash":"a2dfbc7f7125cbb6b2d3fa26a90c686296abc0b8"}
,"D:\\WebD\\Ecommerce-App\\crown-clothing\\client\\src\\redux\\user\\userSagas.js": {"path":"D:\\WebD\\Ecommerce-App\\crown-clothing\\client\\src\\redux\\user\\userSagas.js","statementMap":{"0":{"start":{"line":19,"column":2},"end":{"line":29,"column":3}},"1":{"start":{"line":20,"column":20},"end":{"line":24,"column":5}},"2":{"start":{"line":25,"column":25},"end":{"line":25,"column":44}},"3":{"start":{"line":26,"column":4},"end":{"line":26,"column":78}},"4":{"start":{"line":28,"column":4},"end":{"line":28,"column":34}},"5":{"start":{"line":33,"column":2},"end":{"line":38,"column":3}},"6":{"start":{"line":34,"column":21},"end":{"line":34,"column":63}},"7":{"start":{"line":35,"column":4},"end":{"line":35,"column":40}},"8":{"start":{"line":37,"column":4},"end":{"line":37,"column":34}},"9":{"start":{"line":42,"column":2},"end":{"line":47,"column":3}},"10":{"start":{"line":43,"column":21},"end":{"line":43,"column":75}},"11":{"start":{"line":44,"column":4},"end":{"line":44,"column":40}},"12":{"start":{"line":46,"column":4},"end":{"line":46,"column":34}},"13":{"start":{"line":51,"column":2},"end":{"line":57,"column":3}},"14":{"start":{"line":52,"column":21},"end":{"line":52,"column":43}},"15":{"start":{"line":53,"column":4},"end":{"line":53,"column":26}},"16":{"start":{"line":53,"column":19},"end":{"line":53,"column":26}},"17":{"start":{"line":54,"column":4},"end":{"line":54,"column":44}},"18":{"start":{"line":56,"column":4},"end":{"line":56,"column":34}},"19":{"start":{"line":61,"column":2},"end":{"line":66,"column":3}},"20":{"start":{"line":62,"column":4},"end":{"line":62,"column":25}},"21":{"start":{"line":63,"column":4},"end":{"line":63,"column":32}},"22":{"start":{"line":65,"column":4},"end":{"line":65,"column":37}},"23":{"start":{"line":70,"column":2},"end":{"line":75,"column":3}},"24":{"start":{"line":71,"column":21},"end":{"line":71,"column":79}},"25":{"start":{"line":72,"column":4},"end":{"line":72,"column":72}},"26":{"start":{"line":74,"column":4},"end":{"line":74,"column":36}},"27":{"start":{"line":79,"column":2},"end":{"line":79,"column":54}},"28":{"start":{"line":83,"column":2},"end":{"line":83,"column":75}},"29":{"start":{"line":87,"column":2},"end":{"line":87,"column":73}},"30":{"start":{"line":91,"column":2},"end":{"line":91,"column":76}},"31":{"start":{"line":95,"column":2},"end":{"line":95,"column":60}},"32":{"start":{"line":99,"column":2},"end":{"line":99,"column":58}},"33":{"start":{"line":103,"column":2},"end":{"line":103,"column":71}},"34":{"start":{"line":107,"column":2},"end":{"line":114,"column":5}}},"fnMap":{"0":{"name":"getSnapshotFromUserAuth","decl":{"start":{"line":18,"column":17},"end":{"line":18,"column":40}},"loc":{"start":{"line":18,"column":67},"end":{"line":30,"column":1}},"line":18},"1":{"name":"signInWithGoogle","decl":{"start":{"line":32,"column":17},"end":{"line":32,"column":33}},"loc":{"start":{"line":32,"column":36},"end":{"line":39,"column":1}},"line":32},"2":{"name":"signInWithEmail","decl":{"start":{"line":41,"column":17},"end":{"line":41,"column":32}},"loc":{"start":{"line":41,"column":67},"end":{"line":48,"column":1}},"line":41},"3":{"name":"isUserAuthenticated","decl":{"start":{"line":50,"column":17},"end":{"line":50,"column":36}},"loc":{"start":{"line":50,"column":39},"end":{"line":58,"column":1}},"line":50},"4":{"name":"signOut","decl":{"start":{"line":60,"column":17},"end":{"line":60,"column":24}},"loc":{"start":{"line":60,"column":27},"end":{"line":67,"column":1}},"line":60},"5":{"name":"signUp","decl":{"start":{"line":69,"column":17},"end":{"line":69,"column":23}},"loc":{"start":{"line":69,"column":71},"end":{"line":76,"column":1}},"line":69},"6":{"name":"signInAfterSignUp","decl":{"start":{"line":78,"column":17},"end":{"line":78,"column":34}},"loc":{"start":{"line":78,"column":74},"end":{"line":80,"column":1}},"line":78},"7":{"name":"onGoogleSignInStart","decl":{"start":{"line":82,"column":17},"end":{"line":82,"column":36}},"loc":{"start":{"line":82,"column":39},"end":{"line":84,"column":1}},"line":82},"8":{"name":"onEmailSignInStart","decl":{"start":{"line":86,"column":17},"end":{"line":86,"column":35}},"loc":{"start":{"line":86,"column":38},"end":{"line":88,"column":1}},"line":86},"9":{"name":"onCheckUserSession","decl":{"start":{"line":90,"column":17},"end":{"line":90,"column":35}},"loc":{"start":{"line":90,"column":38},"end":{"line":92,"column":1}},"line":90},"10":{"name":"onSignOutStart","decl":{"start":{"line":94,"column":17},"end":{"line":94,"column":31}},"loc":{"start":{"line":94,"column":34},"end":{"line":96,"column":1}},"line":94},"11":{"name":"onSignUpStart","decl":{"start":{"line":98,"column":17},"end":{"line":98,"column":30}},"loc":{"start":{"line":98,"column":33},"end":{"line":100,"column":1}},"line":98},"12":{"name":"onSignUpSuccess","decl":{"start":{"line":102,"column":17},"end":{"line":102,"column":32}},"loc":{"start":{"line":102,"column":35},"end":{"line":104,"column":1}},"line":102},"13":{"name":"userSagas","decl":{"start":{"line":106,"column":17},"end":{"line":106,"column":26}},"loc":{"start":{"line":106,"column":29},"end":{"line":115,"column":1}},"line":106}},"branchMap":{"0":{"loc":{"start":{"line":53,"column":4},"end":{"line":53,"column":26}},"type":"if","locations":[{"start":{"line":53,"column":4},"end":{"line":53,"column":26}},{"start":{"line":53,"column":4},"end":{"line":53,"column":26}}],"line":53}},"s":{"0":5,"1":5,"2":4,"3":0,"4":4,"5":0,"6":0,"7":0,"8":0,"9":0,"10":0,"11":0,"12":0,"13":2,"14":2,"15":1,"16":0,"17":1,"18":1,"19":2,"20":2,"21":1,"22":1,"23":1,"24":1,"25":0,"26":0,"27":1,"28":1,"29":1,"30":1,"31":1,"32":1,"33":1,"34":0},"f":{"0":5,"1":0,"2":0,"3":2,"4":2,"5":1,"6":1,"7":1,"8":1,"9":1,"10":1,"11":1,"12":1,"13":0},"b":{"0":[0,1]},"_coverageSchema":"1a1c01bbd47fc00a2c39e90264f33305004495a9","hash":"d89a4cc0bfb33ada8ca175fe4b53a5f0cc0051e6"}
,"D:\\WebD\\Ecommerce-App\\crown-clothing\\client\\src\\redux\\user\\userSelectors.js": {"path":"D:\\WebD\\Ecommerce-App\\crown-clothing\\client\\src\\redux\\user\\userSelectors.js","statementMap":{"0":{"start":{"line":3,"column":19},"end":{"line":3,"column":40}},"1":{"start":{"line":3,"column":30},"end":{"line":3,"column":40}},"2":{"start":{"line":5,"column":33},"end":{"line":8,"column":1}},"3":{"start":{"line":7,"column":12},"end":{"line":7,"column":28}}},"fnMap":{"0":{"name":"(anonymous_0)","decl":{"start":{"line":3,"column":19},"end":{"line":3,"column":20}},"loc":{"start":{"line":3,"column":30},"end":{"line":3,"column":40}},"line":3},"1":{"name":"(anonymous_1)","decl":{"start":{"line":7,"column":2},"end":{"line":7,"column":3}},"loc":{"start":{"line":7,"column":12},"end":{"line":7,"column":28}},"line":7}},"branchMap":{},"s":{"0":0,"1":0,"2":0,"3":0},"f":{"0":0,"1":0},"b":{}}
,"D:\\WebD\\Ecommerce-App\\crown-clothing\\client\\src\\redux\\user\\userTypes.js": {"path":"D:\\WebD\\Ecommerce-App\\crown-clothing\\client\\src\\redux\\user\\userTypes.js","statementMap":{"0":{"start":{"line":1,"column":24},"end":{"line":14,"column":1}}},"fnMap":{},"branchMap":{},"s":{"0":2},"f":{},"b":{},"_coverageSchema":"1a1c01bbd47fc00a2c39e90264f33305004495a9","hash":"641bd692229018ce91b7de219a6aae9dd1e4db09"}
}
