TN:
SF:src\App.js
FN:11,(anonymous_0)
FN:12,(anonymous_1)
FN:13,(anonymous_2)
FN:14,(anonymous_3)
FN:18,(anonymous_4)
FN:22,(anonymous_5)
FN:39,(anonymous_6)
FNF:7
FNH:0
FNDA:0,(anonymous_0)
FNDA:0,(anonymous_1)
FNDA:0,(anonymous_2)
FNDA:0,(anonymous_3)
FNDA:0,(anonymous_4)
FNDA:0,(anonymous_5)
FNDA:0,(anonymous_6)
DA:11,0
DA:12,0
DA:13,0
DA:14,0
DA:15,0
DA:18,0
DA:19,0
DA:20,0
DA:22,0
DA:23,0
DA:26,0
DA:40,0
LF:12
LH:0
BRDA:40,0,0,0
BRDA:40,0,1,0
BRF:2
BRH:0
end_of_record
TN:
SF:src\global.styles.js
FNF:0
FNH:0
DA:3,0
LF:1
LH:0
BRF:0
BRH:0
end_of_record
TN:
SF:src\index.js
FNF:0
FNH:0
DA:12,0
LF:1
LH:0
BRF:0
BRH:0
end_of_record
TN:
SF:src\components\cart-dropdown\cart-dropdown.component.jsx
FN:16,(anonymous_0)
FN:20,(anonymous_1)
FN:28,(anonymous_2)
FNF:3
FNH:0
FNDA:0,(anonymous_0)
FNDA:0,(anonymous_1)
FNDA:0,(anonymous_2)
DA:16,0
DA:17,0
DA:21,0
DA:29,0
DA:30,0
DA:38,0
LF:6
LH:0
BRDA:19,0,0,0
BRDA:19,0,1,0
BRF:2
BRH:0
end_of_record
TN:
SF:src\components\cart-dropdown\cart-dropdown.styles.jsx
FNF:0
FNH:0
DA:4,0
DA:18,0
DA:22,0
DA:27,0
LF:4
LH:0
BRF:0
BRH:0
end_of_record
TN:
SF:src\components\cart-icon\cart-icon.component.jsx
FN:14,(anonymous_0)
FN:21,(anonymous_1)
FN:22,(anonymous_2)
FNF:3
FNH:0
FNDA:0,(anonymous_0)
FNDA:0,(anonymous_1)
FNDA:0,(anonymous_2)
DA:14,0
DA:15,0
DA:21,0
DA:22,0
DA:25,0
LF:5
LH:0
BRF:0
BRH:0
end_of_record
TN:
SF:src\components\cart-icon\cart-icon.styles.jsx
FNF:0
FNH:0
DA:5,0
DA:15,0
DA:20,0
LF:3
LH:0
BRF:0
BRH:0
end_of_record
TN:
SF:src\components\cart-item\cart-item.component.jsx
FN:9,(anonymous_0)
FNF:1
FNH:0
FNDA:0,(anonymous_0)
DA:9,0
DA:10,0
LF:2
LH:0
BRF:0
BRH:0
end_of_record
TN:
SF:src\components\cart-item\cart-item.styles.jsx
FNF:0
FNH:0
DA:3,0
DA:10,0
DA:14,0
LF:3
LH:0
BRF:0
BRH:0
end_of_record
TN:
SF:src\components\checkout-item\checkout-item.component.jsx
FN:17,(anonymous_0)
FN:26,(anonymous_1)
FN:28,(anonymous_2)
FN:31,(anonymous_3)
FN:38,(anonymous_4)
FN:39,(anonymous_5)
FN:40,(anonymous_6)
FN:41,(anonymous_7)
FNF:8
FNH:0
FNDA:0,(anonymous_0)
FNDA:0,(anonymous_1)
FNDA:0,(anonymous_2)
FNDA:0,(anonymous_3)
FNDA:0,(anonymous_4)
FNDA:0,(anonymous_5)
FNDA:0,(anonymous_6)
FNDA:0,(anonymous_7)
DA:17,0
DA:18,0
DA:19,0
DA:26,0
DA:28,0
DA:31,0
DA:38,0
DA:39,0
DA:40,0
DA:41,0
LF:10
LH:0
BRF:0
BRH:0
end_of_record
TN:
SF:src\components\checkout-item\checkout-item.styles.jsx
FNF:0
FNH:0
DA:3,0
DA:16,0
DA:25,0
DA:32,0
DA:42,0
LF:5
LH:0
BRF:0
BRH:0
end_of_record
TN:
SF:src\components\collection-item\collection-item.component.jsx
FN:15,(anonymous_0)
FN:25,(anonymous_1)
FN:32,(anonymous_2)
FN:33,(anonymous_3)
FNF:4
FNH:0
FNDA:0,(anonymous_0)
FNDA:0,(anonymous_1)
FNDA:0,(anonymous_2)
FNDA:0,(anonymous_3)
DA:15,0
DA:16,0
DA:18,0
DA:25,0
DA:32,0
DA:33,0
LF:6
LH:0
BRF:0
BRH:0
end_of_record
TN:
SF:src\components\collection-item\collection-item.styles.jsx
FN:53,(anonymous_0)
FNF:1
FNH:0
FNDA:0,(anonymous_0)
DA:4,0
DA:33,0
DA:47,0
DA:53,0
DA:56,0
DA:64,0
DA:69,0
LF:7
LH:0
BRF:0
BRH:0
end_of_record
TN:
SF:src\components\collection-overview\collection-overview.component.jsx
FN:10,(anonymous_0)
FN:12,(anonymous_1)
FNF:2
FNH:0
FNDA:0,(anonymous_0)
FNDA:0,(anonymous_1)
DA:10,0
DA:11,0
DA:13,0
DA:18,0
LF:4
LH:0
BRF:0
BRH:0
end_of_record
TN:
SF:src\components\collection-overview\collection-overview.styles.jsx
FNF:0
FNH:0
DA:3,0
LF:1
LH:0
BRF:0
BRH:0
end_of_record
TN:
SF:src\components\collection-overview\collections-overview.container.jsx
FNF:0
FNH:0
DA:8,0
DA:12,0
LF:2
LH:0
BRF:0
BRH:0
end_of_record
TN:
SF:src\components\collection-preview\collection-preview.component.jsx
FN:12,(anonymous_0)
FN:14,(anonymous_1)
FN:19,(anonymous_2)
FN:20,(anonymous_3)
FNF:4
FNH:0
FNDA:0,(anonymous_0)
FNDA:0,(anonymous_1)
FNDA:0,(anonymous_2)
FNDA:0,(anonymous_3)
DA:12,0
DA:13,0
DA:14,0
DA:19,0
DA:21,0
LF:5
LH:0
BRF:0
BRH:0
end_of_record
TN:
SF:src\components\collection-preview\collection-preview.styles.jsx
FNF:0
FNH:0
DA:3,0
DA:12,0
DA:21,0
LF:3
LH:0
BRF:0
BRH:0
end_of_record
TN:
SF:src\components\custom-button\custom-button.component.jsx
FN:5,(anonymous_0)
FNF:1
FNH:0
FNDA:0,(anonymous_0)
DA:5,0
DA:6,0
LF:2
LH:0
BRF:0
BRH:0
end_of_record
TN:
SF:src\components\custom-button\custom-button.styles.jsx
FN:34,(anonymous_0)
FNF:1
FNH:0
FNDA:0,(anonymous_0)
DA:3,0
DA:14,0
DA:25,0
DA:34,0
DA:35,0
DA:36,0
DA:39,0
DA:42,0
LF:8
LH:0
BRDA:35,0,0,0
BRDA:35,0,1,0
BRDA:39,1,0,0
BRDA:39,1,1,0
BRF:4
BRH:0
end_of_record
TN:
SF:src\components\directory\directory.component.jsx
FN:10,(anonymous_0)
FN:12,(anonymous_1)
FNF:2
FNH:0
FNDA:0,(anonymous_0)
FNDA:0,(anonymous_1)
DA:10,0
DA:11,0
DA:13,0
DA:18,0
LF:4
LH:0
BRF:0
BRH:0
end_of_record
TN:
SF:src\components\directory\directory.styles.jsx
FNF:0
FNH:0
DA:3,0
LF:1
LH:0
BRF:0
BRH:0
end_of_record
TN:
SF:src\components\error-boundary\error-boundary.component.jsx
FN:8,(anonymous_0)
FN:16,(anonymous_1)
FN:20,(anonymous_2)
FN:24,(anonymous_3)
FNF:4
FNH:0
FNDA:0,(anonymous_0)
FNDA:0,(anonymous_1)
FNDA:0,(anonymous_2)
FNDA:0,(anonymous_3)
DA:9,0
DA:11,0
DA:17,0
DA:21,0
DA:25,0
DA:26,0
DA:33,0
LF:7
LH:0
BRDA:25,0,0,0
BRDA:25,0,1,0
BRF:2
BRH:0
end_of_record
TN:
SF:src\components\error-boundary\error-boundary.styles.jsx
FN:14,(anonymous_0)
FNF:1
FNH:0
FNDA:0,(anonymous_0)
DA:3,0
DA:12,0
DA:14,0
DA:21,0
LF:4
LH:0
BRF:0
BRH:0
end_of_record
TN:
SF:src\components\form-input\form-input.component.jsx
FN:9,(anonymous_0)
FNF:1
FNH:0
FNDA:0,(anonymous_0)
DA:9,0
DA:10,0
LF:2
LH:0
BRDA:12,0,0,0
BRDA:12,0,1,0
BRDA:13,1,0,0
BRDA:13,1,1,0
BRF:4
BRH:0
end_of_record
TN:
SF:src\components\form-input\form-input.styles.jsx
FNF:0
FNH:0
DA:3,0
DA:4,0
DA:6,0
DA:12,0
DA:20,0
DA:40,0
LF:6
LH:0
BRF:0
BRH:0
end_of_record
TN:
SF:src\components\header\header.component.jsx
FN:17,(anonymous_0)
FN:43,(anonymous_1)
FN:44,(anonymous_2)
FNF:3
FNH:0
FNDA:0,(anonymous_0)
FNDA:0,(anonymous_1)
FNDA:0,(anonymous_2)
DA:17,0
DA:18,0
DA:38,0
DA:43,0
DA:44,0
LF:5
LH:0
BRDA:25,0,0,0
BRDA:25,0,1,0
BRDA:34,1,0,0
BRDA:34,1,1,0
BRF:4
BRH:0
end_of_record
TN:
SF:src\components\header\header.styles.jsx
FNF:0
FNH:0
DA:4,0
DA:17,0
DA:27,0
DA:38,0
LF:4
LH:0
BRF:0
BRH:0
end_of_record
TN:
SF:src\components\menu-item\menu-item.component.jsx
FN:12,(anonymous_0)
FN:15,(anonymous_1)
FNF:2
FNH:0
FNDA:0,(anonymous_0)
FNDA:0,(anonymous_1)
DA:12,0
DA:13,0
DA:15,0
LF:3
LH:0
BRF:0
BRH:0
end_of_record
TN:
SF:src\components\menu-item\menu-item.styles.jsx
FN:4,(anonymous_0)
FN:40,(anonymous_1)
FNF:2
FNH:0
FNDA:0,(anonymous_0)
FNDA:0,(anonymous_1)
DA:3,0
DA:4,0
DA:35,0
DA:40,0
DA:43,0
DA:56,0
DA:63,0
LF:7
LH:0
BRDA:4,0,0,0
BRDA:4,0,1,0
BRF:2
BRH:0
end_of_record
TN:
SF:src\components\sign-in\sign-in.component.jsx
FN:11,(anonymous_0)
FN:19,(anonymous_1)
FN:25,(anonymous_2)
FN:67,(anonymous_3)
FN:68,(anonymous_4)
FN:69,(anonymous_5)
FNF:6
FNH:0
FNDA:0,(anonymous_0)
FNDA:0,(anonymous_1)
FNDA:0,(anonymous_2)
FNDA:0,(anonymous_3)
FNDA:0,(anonymous_4)
FNDA:0,(anonymous_5)
DA:11,0
DA:12,0
DA:17,0
DA:19,0
DA:20,0
DA:22,0
DA:25,0
DA:26,0
DA:27,0
DA:30,0
DA:67,0
DA:68,0
DA:70,0
LF:13
LH:0
BRF:0
BRH:0
end_of_record
TN:
SF:src\components\sign-up\sign-up.component.jsx
FN:8,(anonymous_0)
FN:18,(anonymous_1)
FN:29,(anonymous_2)
FN:77,(anonymous_3)
FN:78,(anonymous_4)
FNF:5
FNH:0
FNDA:0,(anonymous_0)
FNDA:0,(anonymous_1)
FNDA:0,(anonymous_2)
FNDA:0,(anonymous_3)
FNDA:0,(anonymous_4)
DA:8,0
DA:9,0
DA:16,0
DA:18,0
DA:19,0
DA:21,0
DA:22,0
DA:23,0
DA:26,0
DA:29,0
DA:30,0
DA:31,0
DA:34,0
DA:77,0
DA:78,0
LF:15
LH:0
BRDA:21,0,0,0
BRDA:21,0,1,0
BRF:2
BRH:0
end_of_record
TN:
SF:src\components\spinner\spinner.component.js
FN:5,(anonymous_0)
FNF:1
FNH:0
FNDA:0,(anonymous_0)
DA:5,0
DA:6,0
LF:2
LH:0
BRF:0
BRH:0
end_of_record
TN:
SF:src\components\spinner\spinner.styles.js
FNF:0
FNH:0
DA:3,0
DA:11,0
LF:2
LH:0
BRF:0
BRH:0
end_of_record
TN:
SF:src\components\stripe-button\stripe-button.component.js
FN:5,(anonymous_0)
FN:10,(anonymous_1)
FN:19,(anonymous_2)
FN:22,(anonymous_3)
FNF:4
FNH:0
FNDA:0,(anonymous_0)
FNDA:0,(anonymous_1)
FNDA:0,(anonymous_2)
FNDA:0,(anonymous_3)
DA:5,0
DA:6,0
DA:8,0
DA:10,0
DA:11,0
DA:20,0
DA:23,0
DA:24,0
DA:30,0
LF:9
LH:0
BRF:0
BRH:0
end_of_record
TN:
SF:src\components\with-spinner\with-spinner.component.jsx
FN:6,(anonymous_0)
FN:7,(anonymous_1)
FNF:2
FNH:0
FNDA:0,(anonymous_0)
FNDA:0,(anonymous_1)
DA:6,0
DA:7,0
DA:8,0
LF:3
LH:0
BRDA:8,0,0,0
BRDA:8,0,1,0
BRF:2
BRH:0
end_of_record
TN:
SF:src\firebase\firebase.utils.js
FN:15,(anonymous_0)
FN:39,(anonymous_1)
FN:46,(anonymous_2)
FN:54,(anonymous_3)
FN:55,(anonymous_4)
FN:64,(anonymous_5)
FN:70,(anonymous_6)
FN:71,(anonymous_7)
FN:72,(anonymous_8)
FN:86,(anonymous_9)
FNF:10
FNH:3
FNDA:0,(anonymous_0)
FNDA:0,(anonymous_1)
FNDA:0,(anonymous_2)
FNDA:0,(anonymous_3)
FNDA:0,(anonymous_4)
FNDA:0,(anonymous_5)
FNDA:3,(anonymous_6)
FNDA:3,(anonymous_7)
FNDA:3,(anonymous_8)
FNDA:0,(anonymous_9)
DA:5,2
DA:15,2
DA:16,0
DA:18,0
DA:20,0
DA:22,0
DA:23,0
DA:24,0
DA:25,0
DA:26,0
DA:33,0
DA:36,0
DA:39,2
DA:43,0
DA:45,0
DA:46,0
DA:47,0
DA:48,0
DA:51,0
DA:54,2
DA:55,0
DA:56,0
DA:57,0
DA:64,0
DA:65,0
DA:66,0
DA:70,2
DA:71,3
DA:72,3
DA:73,3
DA:74,3
DA:79,2
DA:81,2
DA:82,2
DA:84,2
DA:85,2
DA:86,2
LF:37
LH:15
BRDA:16,0,0,0
BRDA:16,0,1,0
BRDA:22,1,0,0
BRDA:22,1,1,0
BRF:4
BRH:0
end_of_record
TN:
SF:src\pages\checkout\checkout.component.jsx
FN:21,(anonymous_0)
FN:40,(anonymous_1)
FNF:2
FNH:0
FNDA:0,(anonymous_0)
FNDA:0,(anonymous_1)
DA:21,0
DA:22,0
DA:41,0
DA:53,0
LF:4
LH:0
BRF:0
BRH:0
end_of_record
TN:
SF:src\pages\checkout\checkout.styles.jsx
FNF:0
FNH:0
DA:3,0
DA:19,0
DA:27,0
DA:41,0
DA:47,0
LF:5
LH:0
BRF:0
BRH:0
end_of_record
TN:
SF:src\pages\collection\collection.component.jsx
FN:11,(anonymous_0)
FN:17,(anonymous_1)
FN:25,(anonymous_2)
FNF:3
FNH:0
FNDA:0,(anonymous_0)
FNDA:0,(anonymous_1)
FNDA:0,(anonymous_2)
DA:11,0
DA:12,0
DA:13,0
DA:18,0
DA:25,0
LF:5
LH:0
BRF:0
BRH:0
end_of_record
TN:
SF:src\pages\collection\collection.container.jsx
FN:9,(anonymous_0)
FNF:1
FNH:0
FNDA:0,(anonymous_0)
DA:8,0
DA:9,0
DA:12,0
LF:3
LH:0
BRF:0
BRH:0
end_of_record
TN:
SF:src\pages\collection\collection.styles.jsx
FNF:0
FNH:0
DA:3,0
DA:9,0
DA:14,0
LF:3
LH:0
BRF:0
BRH:0
end_of_record
TN:
SF:src\pages\homepage\homepage.component.jsx
FN:6,(anonymous_0)
FN:11,(anonymous_1)
FNF:2
FNH:0
FNDA:0,(anonymous_0)
FNDA:0,(anonymous_1)
DA:6,0
DA:7,0
DA:12,0
LF:3
LH:0
BRF:0
BRH:0
end_of_record
TN:
SF:src\pages\homepage\homepage.styles.jsx
FNF:0
FNH:0
DA:3,0
LF:1
LH:0
BRF:0
BRH:0
end_of_record
TN:
SF:src\pages\shop\shop.component.jsx
FN:8,(anonymous_0)
FN:12,(anonymous_1)
FN:16,(anonymous_2)
FN:17,(anonymous_3)
FN:38,(anonymous_4)
FN:39,(anonymous_5)
FNF:6
FNH:0
FNDA:0,(anonymous_0)
FNDA:0,(anonymous_1)
FNDA:0,(anonymous_2)
FNDA:0,(anonymous_3)
FNDA:0,(anonymous_4)
FNDA:0,(anonymous_5)
DA:8,0
DA:9,0
DA:12,0
DA:13,0
DA:16,0
DA:17,0
DA:18,0
DA:21,0
DA:38,0
DA:39,0
LF:10
LH:0
BRF:0
BRH:0
end_of_record
TN:
SF:src\pages\sign-in-and-sign-up\sign-in-and-sign-up.component.jsx
FN:8,(anonymous_0)
FNF:1
FNH:0
FNDA:0,(anonymous_0)
DA:8,0
DA:9,0
LF:2
LH:0
BRF:0
BRH:0
end_of_record
TN:
SF:src\pages\sign-in-and-sign-up\sign-in-and-sign-up.styles.jsx
FNF:0
FNH:0
DA:3,0
LF:1
LH:0
BRF:0
BRH:0
end_of_record
TN:
SF:src\redux\root-reducer.js
FNF:0
FNH:0
DA:10,0
DA:16,0
LF:2
LH:0
BRF:0
BRH:0
end_of_record
TN:
SF:src\redux\root-saga.js
FN:6,rootSaga
FNF:1
FNH:0
FNDA:0,rootSaga
DA:7,0
LF:1
LH:0
BRF:0
BRH:0
end_of_record
TN:
SF:src\redux\saga-testing.utils.js
FN:3,recordSaga
FN:8,(anonymous_1)
FNF:2
FNH:0
FNDA:0,recordSaga
FNDA:0,(anonymous_1)
DA:4,0
DA:6,0
DA:8,0
DA:14,0
LF:4
LH:0
BRF:0
BRH:0
end_of_record
TN:
SF:src\redux\store.js
FNF:0
FNH:0
DA:8,0
DA:10,0
DA:12,0
DA:13,0
DA:16,0
DA:18,0
DA:20,0
LF:7
LH:0
BRDA:12,0,0,0
BRDA:12,0,1,0
BRF:2
BRH:0
end_of_record
TN:
SF:src\redux\cart\cartAction.js
FN:3,(anonymous_0)
FN:7,(anonymous_1)
FN:12,(anonymous_2)
FN:17,(anonymous_3)
FN:22,(anonymous_4)
FNF:5
FNH:0
FNDA:0,(anonymous_0)
FNDA:0,(anonymous_1)
FNDA:0,(anonymous_2)
FNDA:0,(anonymous_3)
FNDA:0,(anonymous_4)
DA:3,0
DA:7,0
DA:12,0
DA:17,0
DA:22,0
LF:5
LH:0
BRF:0
BRH:0
end_of_record
TN:
SF:src\redux\cart\cartReducer.js
FN:9,(anonymous_0)
FN:30,(anonymous_1)
FNF:2
FNH:0
FNDA:0,(anonymous_0)
FNDA:0,(anonymous_1)
DA:4,0
DA:9,0
DA:10,0
DA:12,0
DA:17,0
DA:22,0
DA:27,0
DA:30,0
DA:34,0
DA:40,0
LF:10
LH:0
BRDA:9,0,0,0
BRDA:10,1,0,0
BRDA:10,1,1,0
BRDA:10,1,2,0
BRDA:10,1,3,0
BRDA:10,1,4,0
BRDA:10,1,5,0
BRF:7
BRH:0
end_of_record
TN:
SF:src\redux\cart\cartSagas.js
FN:5,clearCartSignOut
FN:9,onSignOutSuccess
FN:13,cartSagas
FNF:3
FNH:0
FNDA:0,clearCartSignOut
FNDA:0,onSignOutSuccess
FNDA:0,cartSagas
DA:6,0
DA:10,0
DA:14,0
LF:3
LH:0
BRF:0
BRH:0
end_of_record
TN:
SF:src\redux\cart\cartSelectors.js
FN:3,(anonymous_0)
FN:7,(anonymous_1)
FN:12,(anonymous_2)
FN:17,(anonymous_3)
FN:19,(anonymous_4)
FN:25,(anonymous_5)
FN:27,(anonymous_6)
FNF:7
FNH:0
FNDA:0,(anonymous_0)
FNDA:0,(anonymous_1)
FNDA:0,(anonymous_2)
FNDA:0,(anonymous_3)
FNDA:0,(anonymous_4)
FNDA:0,(anonymous_5)
FNDA:0,(anonymous_6)
DA:3,0
DA:5,0
DA:7,0
DA:10,0
DA:12,0
DA:15,0
DA:18,0
DA:20,0
DA:25,0
DA:26,0
DA:28,0
LF:11
LH:0
BRF:0
BRH:0
end_of_record
TN:
SF:src\redux\cart\cartTypes.js
FNF:0
FNH:0
DA:1,0
LF:1
LH:0
BRF:0
BRH:0
end_of_record
TN:
SF:src\redux\cart\cartUtils.js
FN:1,(anonymous_0)
FN:3,(anonymous_1)
FN:7,(anonymous_2)
FN:17,(anonymous_3)
FN:19,(anonymous_4)
FN:23,(anonymous_5)
FN:26,(anonymous_6)
FNF:7
FNH:0
FNDA:0,(anonymous_0)
FNDA:0,(anonymous_1)
FNDA:0,(anonymous_2)
FNDA:0,(anonymous_3)
FNDA:0,(anonymous_4)
FNDA:0,(anonymous_5)
FNDA:0,(anonymous_6)
DA:1,0
DA:2,0
DA:3,0
DA:6,0
DA:7,0
DA:8,0
DA:14,0
DA:17,0
DA:18,0
DA:19,0
DA:22,0
DA:23,0
DA:26,0
DA:27,0
LF:14
LH:0
BRDA:6,0,0,0
BRDA:6,0,1,0
BRDA:8,1,0,0
BRDA:8,1,1,0
BRDA:22,2,0,0
BRDA:22,2,1,0
BRDA:27,3,0,0
BRDA:27,3,1,0
BRF:8
BRH:0
end_of_record
TN:
SF:src\redux\directory\directoryReducer.js
FN:38,(anonymous_0)
FNF:1
FNH:0
FNDA:0,(anonymous_0)
DA:1,0
DA:38,0
DA:39,0
DA:41,0
LF:4
LH:0
BRDA:38,0,0,0
BRDA:39,1,0,0
BRF:2
BRH:0
end_of_record
TN:
SF:src\redux\directory\directorySelectors.js
FN:3,(anonymous_0)
FN:7,(anonymous_1)
FNF:2
FNH:0
FNDA:0,(anonymous_0)
FNDA:0,(anonymous_1)
DA:3,0
DA:5,0
DA:7,0
LF:3
LH:0
BRF:0
BRH:0
end_of_record
TN:
SF:src\redux\shop\shop.actions.js
FN:3,(anonymous_0)
FN:7,(anonymous_1)
FN:12,(anonymous_2)
FNF:3
FNH:1
FNDA:0,(anonymous_0)
FNDA:2,(anonymous_1)
FNDA:0,(anonymous_2)
DA:3,1
DA:7,2
DA:12,1
LF:3
LH:3
BRF:0
BRH:0
end_of_record
TN:
SF:src\redux\shop\shop.saga.js
FN:13,fetchCollectionAsync
FN:35,fetchCollectionStart
FN:42,shopSagas
FNF:3
FNH:2
FNDA:1,fetchCollectionAsync
FNDA:1,fetchCollectionStart
FNDA:0,shopSagas
DA:14,1
DA:15,1
DA:16,1
DA:17,1
DA:21,1
DA:23,0
DA:36,1
DA:43,0
LF:8
LH:6
BRF:0
BRH:0
end_of_record
TN:
SF:src\redux\shop\shop.types.js
FNF:0
FNH:0
DA:1,2
LF:1
LH:1
BRF:0
BRH:0
end_of_record
TN:
SF:src\redux\shop\shopReducer.js
FN:9,(anonymous_0)
FNF:1
FNH:1
FNDA:4,(anonymous_0)
DA:3,1
DA:9,1
DA:10,4
DA:12,1
DA:17,1
DA:23,1
DA:29,1
LF:7
LH:7
BRDA:9,0,0,1
BRDA:10,1,0,1
BRDA:10,1,1,1
BRDA:10,1,2,1
BRDA:10,1,3,1
BRF:5
BRH:5
end_of_record
TN:
SF:src\redux\shop\shopSelector.js
FN:4,(anonymous_0)
FN:8,(anonymous_1)
FN:13,(anonymous_2)
FN:14,(anonymous_3)
FN:17,(anonymous_4)
FN:18,(anonymous_5)
FN:25,(anonymous_6)
FN:30,(anonymous_7)
FNF:8
FNH:0
FNDA:0,(anonymous_0)
FNDA:0,(anonymous_1)
FNDA:0,(anonymous_2)
FNDA:0,(anonymous_3)
FNDA:0,(anonymous_4)
FNDA:0,(anonymous_5)
FNDA:0,(anonymous_6)
FNDA:0,(anonymous_7)
DA:4,0
DA:6,0
DA:8,0
DA:11,0
DA:14,0
DA:17,0
DA:18,0
DA:19,0
DA:23,0
DA:25,0
DA:28,0
DA:30,0
LF:12
LH:0
BRDA:14,0,0,0
BRDA:14,0,1,0
BRDA:19,1,0,0
BRDA:19,1,1,0
BRF:4
BRH:0
end_of_record
TN:
SF:src\redux\user\userAction.js
FN:3,(anonymous_0)
FN:7,(anonymous_1)
FN:12,(anonymous_2)
FN:17,(anonymous_3)
FN:22,(anonymous_4)
FN:26,(anonymous_5)
FN:30,(anonymous_6)
FN:34,(anonymous_7)
FN:39,(anonymous_8)
FN:44,(anonymous_9)
FN:49,(anonymous_10)
FNF:11
FNH:3
FNDA:0,(anonymous_0)
FNDA:0,(anonymous_1)
FNDA:6,(anonymous_2)
FNDA:0,(anonymous_3)
FNDA:0,(anonymous_4)
FNDA:0,(anonymous_5)
FNDA:2,(anonymous_6)
FNDA:2,(anonymous_7)
FNDA:0,(anonymous_8)
FNDA:0,(anonymous_9)
FNDA:0,(anonymous_10)
DA:3,1
DA:7,1
DA:12,6
DA:17,1
DA:22,1
DA:26,1
DA:30,2
DA:34,2
DA:39,1
DA:44,1
DA:49,1
LF:11
LH:11
BRF:0
BRH:0
end_of_record
TN:
SF:src\redux\user\userReducer.js
FN:8,(anonymous_0)
FNF:1
FNH:1
FNDA:6,(anonymous_0)
DA:3,1
DA:8,1
DA:9,6
DA:11,1
DA:18,1
DA:26,3
DA:32,1
LF:7
LH:7
BRDA:8,0,0,1
BRDA:9,1,0,1
BRDA:9,1,1,1
BRDA:9,1,2,1
BRDA:9,1,3,2
BRDA:9,1,4,3
BRDA:9,1,5,1
BRF:7
BRH:7
end_of_record
TN:
SF:src\redux\user\userSagas.js
FN:18,getSnapshotFromUserAuth
FN:32,signInWithGoogle
FN:41,signInWithEmail
FN:50,isUserAuthenticated
FN:60,signOut
FN:69,signUp
FN:78,signInAfterSignUp
FN:82,onGoogleSignInStart
FN:86,onEmailSignInStart
FN:90,onCheckUserSession
FN:94,onSignOutStart
FN:98,onSignUpStart
FN:102,onSignUpSuccess
FN:106,userSagas
FNF:14
FNH:11
FNDA:5,getSnapshotFromUserAuth
FNDA:0,signInWithGoogle
FNDA:0,signInWithEmail
FNDA:2,isUserAuthenticated
FNDA:2,signOut
FNDA:1,signUp
FNDA:1,signInAfterSignUp
FNDA:1,onGoogleSignInStart
FNDA:1,onEmailSignInStart
FNDA:1,onCheckUserSession
FNDA:1,onSignOutStart
FNDA:1,onSignUpStart
FNDA:1,onSignUpSuccess
FNDA:0,userSagas
DA:19,5
DA:20,5
DA:25,4
DA:26,0
DA:28,4
DA:33,0
DA:34,0
DA:35,0
DA:37,0
DA:42,0
DA:43,0
DA:44,0
DA:46,0
DA:51,2
DA:52,2
DA:53,1
DA:54,1
DA:56,1
DA:61,2
DA:62,2
DA:63,1
DA:65,1
DA:70,1
DA:71,1
DA:72,0
DA:74,0
DA:79,1
DA:83,1
DA:87,1
DA:91,1
DA:95,1
DA:99,1
DA:103,1
DA:107,0
LF:34
LH:22
BRDA:53,0,0,0
BRDA:53,0,1,1
BRF:2
BRH:1
end_of_record
TN:
SF:src\redux\user\userSelectors.js
FN:3,(anonymous_0)
FN:7,(anonymous_1)
FNF:2
FNH:0
FNDA:0,(anonymous_0)
FNDA:0,(anonymous_1)
DA:3,0
DA:5,0
DA:7,0
LF:3
LH:0
BRF:0
BRH:0
end_of_record
TN:
SF:src\redux\user\userTypes.js
FNF:0
FNH:0
DA:1,2
LF:1
LH:1
BRF:0
BRH:0
end_of_record
